#
# There is insufficient memory for the Java Runtime Environment to continue.
# Native memory allocation (mmap) failed to map 445644800 bytes for G1 virtual space
# Possible reasons:
#   The system is out of physical RAM or swap space
#   The process is running with CompressedOops enabled, and the Java Heap may be blocking the growth of the native heap
# Possible solutions:
#   Reduce memory load on the system
#   Increase physical memory or swap space
#   Check if swap backing store is full
#   Decrease Java heap size (-Xmx/-Xms)
#   Decrease number of Java threads
#   Decrease Java thread stack sizes (-Xss)
#   Set larger code cache with -XX:ReservedCodeCacheSize=
#   JVM is running with Unscaled Compressed Oops mode in which the Java heap is
#     placed in the first 4GB address space. The Java Heap base address is the
#     maximum limit for the native heap growth. Please use -XX:HeapBaseMinAddress
#     to set the Java Heap base and to place the Java Heap above 4GB virtual address.
# This output file may be truncated or incomplete.
#
#  Out of Memory Error (os_windows.cpp:3769), pid=35624, tid=52124
#
# JRE version: OpenJDK Runtime Environment (17.0.6) (build 17.0.6+0-b2043.56-9586694)
# Java VM: OpenJDK 64-Bit Server VM (17.0.6+0-b2043.56-9586694, mixed mode, tiered, compressed oops, compressed class ptrs, g1 gc, windows-amd64)
# No core dump will be written. Minidumps are not enabled by default on client versions of Windows
#

---------------  S U M M A R Y ------------

Command Line: --add-opens=java.base/java.util=ALL-UNNAMED --add-opens=java.base/java.lang=ALL-UNNAMED --add-opens=java.base/java.lang.invoke=ALL-UNNAMED --add-opens=java.prefs/java.util.prefs=ALL-UNNAMED --add-opens=java.base/java.nio.charset=ALL-UNNAMED --add-opens=java.base/java.net=ALL-UNNAMED --add-opens=java.base/java.util.concurrent.atomic=ALL-UNNAMED -Xmx2048m -Dfile.encoding=UTF-8 -Duser.country=ES -Duser.language=es -Duser.variant org.gradle.launcher.daemon.bootstrap.GradleDaemon 8.0

Host: Intel(R) Core(TM) i7-7700 CPU @ 3.60GHz, 8 cores, 15G,  Windows 10 , 64 bit Build 17763 (10.0.17763.475)
Time: Thu Sep  7 10:34:01 2023 Hora estándar de Argentina elapsed time: 16.503504 seconds (0d 0h 0m 16s)

---------------  T H R E A D  ---------------

Current thread (0x00000191fe6bf240):  VMThread "VM Thread" [stack: 0x0000005716600000,0x0000005716700000] [id=52124]

Stack: [0x0000005716600000,0x0000005716700000]
Native frames: (J=compiled Java code, j=interpreted, Vv=VM code, C=native code)
V  [jvm.dll+0x683b4a]
V  [jvm.dll+0x842654]
V  [jvm.dll+0x843dfe]
V  [jvm.dll+0x844463]
V  [jvm.dll+0x249b75]
V  [jvm.dll+0x680a19]
V  [jvm.dll+0x674f0a]
V  [jvm.dll+0x309acb]
V  [jvm.dll+0x310f86]
V  [jvm.dll+0x3608ee]
V  [jvm.dll+0x360b1f]
V  [jvm.dll+0x2dfbf8]
V  [jvm.dll+0x2ddec4]
V  [jvm.dll+0x2dd4cc]
V  [jvm.dll+0x321f3b]
V  [jvm.dll+0x84893b]
V  [jvm.dll+0x849674]
V  [jvm.dll+0x849b8d]
V  [jvm.dll+0x849f64]
V  [jvm.dll+0x84a030]
V  [jvm.dll+0x7f25fa]
V  [jvm.dll+0x682985]
C  [ucrtbase.dll+0x2268a]
C  [KERNEL32.DLL+0x17974]
C  [ntdll.dll+0x5a0b1]

VM_Operation (0x0000005719dfae60): G1CollectForAllocation, mode: safepoint, requested by thread 0x000001918565c0c0


---------------  P R O C E S S  ---------------

Threads class SMR info:
_java_thread_list=0x0000019181c4bf20, length=144, elements={
0x00000191e28cd040, 0x00000191ff052090, 0x00000191ff0532d0, 0x00000191ff05acb0,
0x00000191ff09c410, 0x00000191ff09d0a0, 0x00000191ff0a1320, 0x00000191ff0a23d0,
0x00000191ff0a3560, 0x00000191ff0b6720, 0x00000191ff2248d0, 0x00000191ff2259b0,
0x0000019181e98010, 0x0000019181f3e080, 0x0000019180e82d50, 0x0000019180d02b30,
0x0000019182a8a820, 0x0000019180e12e20, 0x0000019180e11fb0, 0x0000019180e137c0,
0x0000019180e11610, 0x0000019180e12950, 0x0000019180e132f0, 0x0000019180e14630,
0x0000019180e14b00, 0x0000019180e11140, 0x0000019180e11ae0, 0x0000019180e14160,
0x0000019180e12480, 0x000001918565e740, 0x000001918565cf30, 0x000001918565c590,
0x000001918565ca60, 0x000001918565a8b0, 0x000001918565fa80, 0x000001918565dda0,
0x000001918565ec10, 0x000001918565f5b0, 0x0000019185660420, 0x000001918565a3e0,
0x000001918565ff50, 0x000001918565b250, 0x0000019185659a40, 0x000001918565c0c0,
0x0000019185659570, 0x000001918565bbf0, 0x0000019185028510, 0x00000191850289e0,
0x00000191850241b0, 0x0000019185026360, 0x000001918502a6c0, 0x0000019185028eb0,
0x0000019185024680, 0x0000019185025020, 0x00000191850254f0, 0x000001918502b060,
0x00000191850259c0, 0x0000019185029380, 0x0000019185023810, 0x0000019185026830,
0x000001918502ab90, 0x0000019185029850, 0x0000019185026d00, 0x0000019185029d20,
0x00000191850271d0, 0x000001918502a1f0, 0x0000019185024b50, 0x0000019185025e90,
0x0000019185028040, 0x0000019185023ce0, 0x00000191850276a0, 0x0000019185027b70,
0x0000019182981980, 0x000001918297e960, 0x000001918297c2e0, 0x000001918297c7b0,
0x000001918297be10, 0x00000191829814b0, 0x000001918297d150, 0x000001918297d620,
0x000001918297daf0, 0x0000019182980170, 0x000001918297afa0, 0x000001918297f300,
0x000001918297fca0, 0x000001918297dfc0, 0x000001918297e490, 0x000001918297ee30,
0x000001918297f7d0, 0x0000019182980640, 0x0000019182980fe0, 0x0000019182980b10,
0x000001918297cc80, 0x0000019182981e50, 0x0000019182982320, 0x000001918297aad0,
0x000001918297b470, 0x000001918297b940, 0x0000019181ecba60, 0x0000019181eca250,
0x0000019181ec9d80, 0x0000019181ecbf30, 0x0000019181ec8570, 0x0000019181ecd270,
0x0000019181ec8a40, 0x0000019181ec98b0, 0x0000019181ec8f10, 0x0000019181ecc8d0,
0x0000019181ecc400, 0x0000019181ecf420, 0x0000019181ecea80, 0x0000019181ecb0c0,
0x0000019181ece0e0, 0x0000019181ecdc10, 0x0000019181ecfdc0, 0x0000019181ec93e0,
0x0000019181ece5b0, 0x0000019181ecef50, 0x0000019181eca720, 0x0000019181ecabf0,
0x0000019181ecb590, 0x0000019181eccda0, 0x0000019181ecd740, 0x00000191825cdf20,
0x00000191825d05a0, 0x00000191825caa30, 0x00000191825cf730, 0x00000191825cd0b0,
0x00000191825cfc00, 0x00000191825ca090, 0x00000191825d00d0, 0x00000191825d0a70,
0x00000191825caf00, 0x00000191825cb3d0, 0x000001918b0395a0, 0x000001918b0390d0,
0x0000019189c774d0, 0x000001918b039f40, 0x0000019185fd4060, 0x0000019185fd4a00,
0x0000019184b5fb10, 0x0000019185fd4ed0, 0x0000019185fd53a0, 0x0000019189758d10
}

Java Threads: ( => current thread )
  0x00000191e28cd040 JavaThread "main" [_thread_blocked, id=47724, stack(0x0000005716000000,0x0000005716100000)]
  0x00000191ff052090 JavaThread "Reference Handler" daemon [_thread_blocked, id=58968, stack(0x0000005716700000,0x0000005716800000)]
  0x00000191ff0532d0 JavaThread "Finalizer" daemon [_thread_blocked, id=51468, stack(0x0000005716800000,0x0000005716900000)]
  0x00000191ff05acb0 JavaThread "Signal Dispatcher" daemon [_thread_blocked, id=56992, stack(0x0000005716900000,0x0000005716a00000)]
  0x00000191ff09c410 JavaThread "Attach Listener" daemon [_thread_blocked, id=56484, stack(0x0000005716a00000,0x0000005716b00000)]
  0x00000191ff09d0a0 JavaThread "Service Thread" daemon [_thread_blocked, id=63344, stack(0x0000005716b00000,0x0000005716c00000)]
  0x00000191ff0a1320 JavaThread "Monitor Deflation Thread" daemon [_thread_blocked, id=55032, stack(0x0000005716c00000,0x0000005716d00000)]
  0x00000191ff0a23d0 JavaThread "C2 CompilerThread0" daemon [_thread_blocked, id=9888, stack(0x0000005716d00000,0x0000005716e00000)]
  0x00000191ff0a3560 JavaThread "C1 CompilerThread0" daemon [_thread_blocked, id=39384, stack(0x0000005716e00000,0x0000005716f00000)]
  0x00000191ff0b6720 JavaThread "Sweeper thread" daemon [_thread_blocked, id=44744, stack(0x0000005716f00000,0x0000005717000000)]
  0x00000191ff2248d0 JavaThread "Common-Cleaner" daemon [_thread_blocked, id=47720, stack(0x0000005717000000,0x0000005717100000)]
  0x00000191ff2259b0 JavaThread "Notification Thread" daemon [_thread_blocked, id=14664, stack(0x0000005717100000,0x0000005717200000)]
  0x0000019181e98010 JavaThread "Daemon health stats" [_thread_blocked, id=14484, stack(0x0000005717a00000,0x0000005717b00000)]
  0x0000019181f3e080 JavaThread "Incoming local TCP Connector on port 53215" [_thread_in_native, id=14188, stack(0x0000005717b00000,0x0000005717c00000)]
  0x0000019180e82d50 JavaThread "Daemon periodic checks" [_thread_blocked, id=47492, stack(0x0000005717c00000,0x0000005717d00000)]
  0x0000019180d02b30 JavaThread "Daemon" [_thread_blocked, id=27492, stack(0x0000005717d00000,0x0000005717e00000)]
  0x0000019182a8a820 JavaThread "Handler for socket connection from /127.0.0.1:53215 to /127.0.0.1:53216" [_thread_in_native, id=20052, stack(0x0000005717e00000,0x0000005717f00000)]
  0x0000019180e12e20 JavaThread "Cancel handler" [_thread_blocked, id=37852, stack(0x0000005717f00000,0x0000005718000000)]
  0x0000019180e11fb0 JavaThread "Daemon worker" [_thread_blocked, id=55120, stack(0x0000005718000000,0x0000005718100000)]
  0x0000019180e137c0 JavaThread "Asynchronous log dispatcher for DefaultDaemonConnection: socket connection from /127.0.0.1:53215 to /127.0.0.1:53216" [_thread_blocked, id=51948, stack(0x0000005718100000,0x0000005718200000)]
  0x0000019180e11610 JavaThread "Stdin handler" [_thread_blocked, id=11420, stack(0x0000005718200000,0x0000005718300000)]
  0x0000019180e12950 JavaThread "Daemon client event forwarder" [_thread_blocked, id=43204, stack(0x0000005718300000,0x0000005718400000)]
  0x0000019180e132f0 JavaThread "Cache worker for journal cache (C:\Users\Daniel\.gradle\caches\journal-1)" [_thread_blocked, id=6564, stack(0x0000005718600000,0x0000005718700000)]
  0x0000019180e14630 JavaThread "File lock request listener" [_thread_in_native, id=46840, stack(0x0000005718700000,0x0000005718800000)]
  0x0000019180e14b00 JavaThread "Cache worker for file hash cache (C:\Users\Daniel\.gradle\caches\8.0\fileHashes)" [_thread_blocked, id=37272, stack(0x0000005718800000,0x0000005718900000)]
  0x0000019180e11140 JavaThread "File watcher server" daemon [_thread_blocked, id=36488, stack(0x0000005718a00000,0x0000005718b00000)]
  0x0000019180e11ae0 JavaThread "File watcher consumer" daemon [_thread_blocked, id=34820, stack(0x0000005718b00000,0x0000005718c00000)]
  0x0000019180e14160 JavaThread "Cache worker for checksums cache (E:\Documentos\GitHub\TextMatchApp\.gradle\8.0\checksums)" [_thread_blocked, id=14904, stack(0x0000005718c00000,0x0000005718d00000)]
  0x0000019180e12480 JavaThread "Cache worker for cache directory md-rule (C:\Users\Daniel\.gradle\caches\8.0\md-rule)" [_thread_blocked, id=40000, stack(0x0000005718d00000,0x0000005718e00000)]
  0x000001918565e740 JavaThread "Cache worker for file content cache (C:\Users\Daniel\.gradle\caches\8.0\fileContent)" [_thread_blocked, id=23112, stack(0x0000005718e00000,0x0000005718f00000)]
  0x000001918565cf30 JavaThread "Cache worker for file hash cache (E:\Documentos\GitHub\TextMatchApp\.gradle\8.0\fileHashes)" [_thread_blocked, id=27608, stack(0x0000005718f00000,0x0000005719000000)]
  0x000001918565c590 JavaThread "Cache worker for cache directory md-supplier (C:\Users\Daniel\.gradle\caches\8.0\md-supplier)" [_thread_blocked, id=18044, stack(0x0000005719000000,0x0000005719100000)]
  0x000001918565ca60 JavaThread "Cache worker for execution history cache (C:\Users\Daniel\.gradle\caches\8.0\executionHistory)" [_thread_blocked, id=53580, stack(0x0000005719100000,0x0000005719200000)]
  0x000001918565a8b0 JavaThread "jar transforms" [_thread_blocked, id=22380, stack(0x0000005719200000,0x0000005719300000)]
  0x000001918565fa80 JavaThread "jar transforms Thread 2" [_thread_blocked, id=41172, stack(0x0000005719300000,0x0000005719400000)]
  0x000001918565dda0 JavaThread "jar transforms Thread 3" [_thread_blocked, id=59548, stack(0x0000005719500000,0x0000005719600000)]
  0x000001918565ec10 JavaThread "jar transforms Thread 4" [_thread_blocked, id=55840, stack(0x0000005719600000,0x0000005719700000)]
  0x000001918565f5b0 JavaThread "Cache worker for dependencies-accessors (E:\Documentos\GitHub\TextMatchApp\.gradle\8.0\dependencies-accessors)" [_thread_blocked, id=32580, stack(0x0000005719700000,0x0000005719800000)]
  0x0000019185660420 JavaThread "jar transforms Thread 5" [_thread_blocked, id=35600, stack(0x0000005719800000,0x0000005719900000)]
  0x000001918565a3e0 JavaThread "Cache worker for Build Output Cleanup Cache (E:\Documentos\GitHub\TextMatchApp\.gradle\buildOutputCleanup)" [_thread_blocked, id=32940, stack(0x0000005719900000,0x0000005719a00000)]
  0x000001918565ff50 JavaThread "Unconstrained build operations" [_thread_blocked, id=43380, stack(0x0000005719a00000,0x0000005719b00000)]
  0x000001918565b250 JavaThread "Unconstrained build operations Thread 2" [_thread_blocked, id=31560, stack(0x0000005719b00000,0x0000005719c00000)]
  0x0000019185659a40 JavaThread "Unconstrained build operations Thread 3" [_thread_blocked, id=6756, stack(0x0000005719c00000,0x0000005719d00000)]
  0x000001918565c0c0 JavaThread "Unconstrained build operations Thread 4" [_thread_blocked, id=34784, stack(0x0000005719d00000,0x0000005719e00000)]
  0x0000019185659570 JavaThread "Unconstrained build operations Thread 5" [_thread_blocked, id=11480, stack(0x0000005719e00000,0x0000005719f00000)]
  0x000001918565bbf0 JavaThread "Unconstrained build operations Thread 6" [_thread_blocked, id=35292, stack(0x0000005719f00000,0x000000571a000000)]
  0x0000019185028510 JavaThread "Unconstrained build operations Thread 7" [_thread_blocked, id=29068, stack(0x000000571a000000,0x000000571a100000)]
  0x00000191850289e0 JavaThread "Unconstrained build operations Thread 8" [_thread_blocked, id=57996, stack(0x000000571a100000,0x000000571a200000)]
  0x00000191850241b0 JavaThread "Unconstrained build operations Thread 9" [_thread_blocked, id=59132, stack(0x000000571a200000,0x000000571a300000)]
  0x0000019185026360 JavaThread "Unconstrained build operations Thread 10" [_thread_blocked, id=15700, stack(0x000000571a300000,0x000000571a400000)]
  0x000001918502a6c0 JavaThread "Unconstrained build operations Thread 11" [_thread_blocked, id=36080, stack(0x000000571a400000,0x000000571a500000)]
  0x0000019185028eb0 JavaThread "Unconstrained build operations Thread 12" [_thread_blocked, id=17704, stack(0x000000571a500000,0x000000571a600000)]
  0x0000019185024680 JavaThread "Unconstrained build operations Thread 13" [_thread_blocked, id=7984, stack(0x000000571a600000,0x000000571a700000)]
  0x0000019185025020 JavaThread "Unconstrained build operations Thread 14" [_thread_blocked, id=53848, stack(0x000000571a700000,0x000000571a800000)]
  0x00000191850254f0 JavaThread "Unconstrained build operations Thread 15" [_thread_blocked, id=25700, stack(0x000000571a800000,0x000000571a900000)]
  0x000001918502b060 JavaThread "Unconstrained build operations Thread 16" [_thread_blocked, id=44904, stack(0x000000571a900000,0x000000571aa00000)]
  0x00000191850259c0 JavaThread "Unconstrained build operations Thread 17" [_thread_blocked, id=13220, stack(0x000000571aa00000,0x000000571ab00000)]
  0x0000019185029380 JavaThread "Unconstrained build operations Thread 18" [_thread_blocked, id=44152, stack(0x000000571ab00000,0x000000571ac00000)]
  0x0000019185023810 JavaThread "Unconstrained build operations Thread 19" [_thread_blocked, id=13308, stack(0x000000571ac00000,0x000000571ad00000)]
  0x0000019185026830 JavaThread "Unconstrained build operations Thread 20" [_thread_blocked, id=38484, stack(0x000000571ad00000,0x000000571ae00000)]
  0x000001918502ab90 JavaThread "Unconstrained build operations Thread 21" [_thread_blocked, id=22508, stack(0x000000571ae00000,0x000000571af00000)]
  0x0000019185029850 JavaThread "Unconstrained build operations Thread 22" [_thread_blocked, id=61544, stack(0x000000571af00000,0x000000571b000000)]
  0x0000019185026d00 JavaThread "Unconstrained build operations Thread 23" [_thread_blocked, id=57412, stack(0x000000571b000000,0x000000571b100000)]
  0x0000019185029d20 JavaThread "Unconstrained build operations Thread 24" [_thread_blocked, id=28752, stack(0x000000571b100000,0x000000571b200000)]
  0x00000191850271d0 JavaThread "Unconstrained build operations Thread 25" [_thread_blocked, id=23868, stack(0x000000571b200000,0x000000571b300000)]
  0x000001918502a1f0 JavaThread "Unconstrained build operations Thread 26" [_thread_blocked, id=19800, stack(0x000000571b300000,0x000000571b400000)]
  0x0000019185024b50 JavaThread "Unconstrained build operations Thread 27" [_thread_blocked, id=43816, stack(0x000000571b400000,0x000000571b500000)]
  0x0000019185025e90 JavaThread "Unconstrained build operations Thread 28" [_thread_blocked, id=2340, stack(0x000000571b500000,0x000000571b600000)]
  0x0000019185028040 JavaThread "Unconstrained build operations Thread 29" [_thread_blocked, id=61112, stack(0x000000571b600000,0x000000571b700000)]
  0x0000019185023ce0 JavaThread "Unconstrained build operations Thread 30" [_thread_blocked, id=20004, stack(0x000000571b700000,0x000000571b800000)]
  0x00000191850276a0 JavaThread "Unconstrained build operations Thread 31" [_thread_blocked, id=16012, stack(0x000000571b800000,0x000000571b900000)]
  0x0000019185027b70 JavaThread "Unconstrained build operations Thread 32" [_thread_blocked, id=47420, stack(0x000000571b900000,0x000000571ba00000)]
  0x0000019182981980 JavaThread "Unconstrained build operations Thread 33" [_thread_blocked, id=7704, stack(0x000000571ba00000,0x000000571bb00000)]
  0x000001918297e960 JavaThread "Unconstrained build operations Thread 34" [_thread_blocked, id=59080, stack(0x000000571bb00000,0x000000571bc00000)]
  0x000001918297c2e0 JavaThread "Unconstrained build operations Thread 35" [_thread_blocked, id=4248, stack(0x000000571bc00000,0x000000571bd00000)]
  0x000001918297c7b0 JavaThread "Unconstrained build operations Thread 36" [_thread_blocked, id=42080, stack(0x000000571bd00000,0x000000571be00000)]
  0x000001918297be10 JavaThread "Unconstrained build operations Thread 37" [_thread_blocked, id=4524, stack(0x000000571be00000,0x000000571bf00000)]
  0x00000191829814b0 JavaThread "Unconstrained build operations Thread 38" [_thread_blocked, id=25084, stack(0x000000571bf00000,0x000000571c000000)]
  0x000001918297d150 JavaThread "Unconstrained build operations Thread 39" [_thread_blocked, id=55188, stack(0x000000571c000000,0x000000571c100000)]
  0x000001918297d620 JavaThread "Unconstrained build operations Thread 40" [_thread_blocked, id=14292, stack(0x000000571c100000,0x000000571c200000)]
  0x000001918297daf0 JavaThread "Unconstrained build operations Thread 41" [_thread_blocked, id=45860, stack(0x000000571c200000,0x000000571c300000)]
  0x0000019182980170 JavaThread "Unconstrained build operations Thread 42" [_thread_blocked, id=50652, stack(0x000000571c300000,0x000000571c400000)]
  0x000001918297afa0 JavaThread "Unconstrained build operations Thread 43" [_thread_blocked, id=38584, stack(0x000000571c400000,0x000000571c500000)]
  0x000001918297f300 JavaThread "Unconstrained build operations Thread 44" [_thread_blocked, id=39712, stack(0x000000571c500000,0x000000571c600000)]
  0x000001918297fca0 JavaThread "Unconstrained build operations Thread 45" [_thread_blocked, id=16024, stack(0x000000571c600000,0x000000571c700000)]
  0x000001918297dfc0 JavaThread "Unconstrained build operations Thread 46" [_thread_blocked, id=40400, stack(0x000000571c700000,0x000000571c800000)]
  0x000001918297e490 JavaThread "Unconstrained build operations Thread 47" [_thread_blocked, id=37740, stack(0x000000571c800000,0x000000571c900000)]
  0x000001918297ee30 JavaThread "Unconstrained build operations Thread 48" [_thread_blocked, id=9064, stack(0x000000571c900000,0x000000571ca00000)]
  0x000001918297f7d0 JavaThread "Unconstrained build operations Thread 49" [_thread_blocked, id=22296, stack(0x000000571ca00000,0x000000571cb00000)]
  0x0000019182980640 JavaThread "Unconstrained build operations Thread 50" [_thread_blocked, id=36940, stack(0x000000571cb00000,0x000000571cc00000)]
  0x0000019182980fe0 JavaThread "Unconstrained build operations Thread 51" [_thread_blocked, id=44524, stack(0x000000571cc00000,0x000000571cd00000)]
  0x0000019182980b10 JavaThread "Unconstrained build operations Thread 52" [_thread_blocked, id=1036, stack(0x000000571cd00000,0x000000571ce00000)]
  0x000001918297cc80 JavaThread "Unconstrained build operations Thread 53" [_thread_blocked, id=18188, stack(0x000000571ce00000,0x000000571cf00000)]
  0x0000019182981e50 JavaThread "Unconstrained build operations Thread 54" [_thread_blocked, id=24640, stack(0x000000571cf00000,0x000000571d000000)]
  0x0000019182982320 JavaThread "Unconstrained build operations Thread 55" [_thread_blocked, id=57676, stack(0x000000571d000000,0x000000571d100000)]
  0x000001918297aad0 JavaThread "Unconstrained build operations Thread 56" [_thread_blocked, id=60772, stack(0x000000571d100000,0x000000571d200000)]
  0x000001918297b470 JavaThread "Unconstrained build operations Thread 57" [_thread_blocked, id=19688, stack(0x000000571d200000,0x000000571d300000)]
  0x000001918297b940 JavaThread "Unconstrained build operations Thread 58" [_thread_blocked, id=35364, stack(0x000000571d300000,0x000000571d400000)]
  0x0000019181ecba60 JavaThread "Unconstrained build operations Thread 59" [_thread_blocked, id=43076, stack(0x000000571d400000,0x000000571d500000)]
  0x0000019181eca250 JavaThread "Unconstrained build operations Thread 60" [_thread_blocked, id=21368, stack(0x000000571d500000,0x000000571d600000)]
  0x0000019181ec9d80 JavaThread "Unconstrained build operations Thread 61" [_thread_blocked, id=45104, stack(0x000000571d600000,0x000000571d700000)]
  0x0000019181ecbf30 JavaThread "Unconstrained build operations Thread 62" [_thread_blocked, id=24148, stack(0x000000571d700000,0x000000571d800000)]
  0x0000019181ec8570 JavaThread "Unconstrained build operations Thread 63" [_thread_blocked, id=43784, stack(0x000000571d800000,0x000000571d900000)]
  0x0000019181ecd270 JavaThread "Unconstrained build operations Thread 64" [_thread_blocked, id=51736, stack(0x000000571d900000,0x000000571da00000)]
  0x0000019181ec8a40 JavaThread "Unconstrained build operations Thread 65" [_thread_blocked, id=40600, stack(0x000000571da00000,0x000000571db00000)]
  0x0000019181ec98b0 JavaThread "Unconstrained build operations Thread 66" [_thread_blocked, id=36676, stack(0x000000571db00000,0x000000571dc00000)]
  0x0000019181ec8f10 JavaThread "Unconstrained build operations Thread 67" [_thread_blocked, id=56804, stack(0x000000571dc00000,0x000000571dd00000)]
  0x0000019181ecc8d0 JavaThread "Unconstrained build operations Thread 68" [_thread_blocked, id=40484, stack(0x000000571dd00000,0x000000571de00000)]
  0x0000019181ecc400 JavaThread "Unconstrained build operations Thread 69" [_thread_blocked, id=54012, stack(0x000000571de00000,0x000000571df00000)]
  0x0000019181ecf420 JavaThread "Unconstrained build operations Thread 70" [_thread_blocked, id=31468, stack(0x000000571df00000,0x000000571e000000)]
  0x0000019181ecea80 JavaThread "Unconstrained build operations Thread 71" [_thread_blocked, id=40184, stack(0x000000571e000000,0x000000571e100000)]
  0x0000019181ecb0c0 JavaThread "Unconstrained build operations Thread 72" [_thread_blocked, id=11060, stack(0x000000571e100000,0x000000571e200000)]
  0x0000019181ece0e0 JavaThread "Unconstrained build operations Thread 73" [_thread_blocked, id=39688, stack(0x000000571e200000,0x000000571e300000)]
  0x0000019181ecdc10 JavaThread "Unconstrained build operations Thread 74" [_thread_blocked, id=41836, stack(0x000000571e300000,0x000000571e400000)]
  0x0000019181ecfdc0 JavaThread "Unconstrained build operations Thread 75" [_thread_blocked, id=18132, stack(0x000000571e400000,0x000000571e500000)]
  0x0000019181ec93e0 JavaThread "Unconstrained build operations Thread 76" [_thread_blocked, id=29476, stack(0x000000571e500000,0x000000571e600000)]
  0x0000019181ece5b0 JavaThread "Unconstrained build operations Thread 77" [_thread_blocked, id=13016, stack(0x000000571e600000,0x000000571e700000)]
  0x0000019181ecef50 JavaThread "Unconstrained build operations Thread 78" [_thread_blocked, id=45852, stack(0x000000571e700000,0x000000571e800000)]
  0x0000019181eca720 JavaThread "Unconstrained build operations Thread 79" [_thread_blocked, id=2232, stack(0x000000571e800000,0x000000571e900000)]
  0x0000019181ecabf0 JavaThread "Unconstrained build operations Thread 80" [_thread_blocked, id=22148, stack(0x000000571e900000,0x000000571ea00000)]
  0x0000019181ecb590 JavaThread "jar transforms Thread 6" [_thread_blocked, id=42344, stack(0x000000571ea00000,0x000000571eb00000)]
  0x0000019181eccda0 JavaThread "jar transforms Thread 7" [_thread_blocked, id=49776, stack(0x000000571eb00000,0x000000571ec00000)]
  0x0000019181ecd740 JavaThread "jar transforms Thread 8" [_thread_blocked, id=38524, stack(0x000000571ec00000,0x000000571ed00000)]
  0x00000191825cdf20 JavaThread "build event listener" [_thread_blocked, id=36736, stack(0x000000571ed00000,0x000000571ee00000)]
  0x00000191825d05a0 JavaThread "Memory manager" [_thread_blocked, id=43216, stack(0x000000571ee00000,0x000000571ef00000)]
  0x00000191825caa30 JavaThread "included builds" [_thread_blocked, id=55348, stack(0x000000571ef00000,0x000000571f000000)]
  0x00000191825cf730 JavaThread "Execution worker" [_thread_blocked, id=35352, stack(0x000000571f000000,0x000000571f100000)]
  0x00000191825cd0b0 JavaThread "Execution worker Thread 2" [_thread_blocked, id=25024, stack(0x000000571f100000,0x000000571f200000)]
  0x00000191825cfc00 JavaThread "Execution worker Thread 3" [_thread_blocked, id=47456, stack(0x000000571f200000,0x000000571f300000)]
  0x00000191825ca090 JavaThread "Execution worker Thread 4" [_thread_blocked, id=43504, stack(0x000000571f300000,0x000000571f400000)]
  0x00000191825d00d0 JavaThread "Execution worker Thread 5" [_thread_blocked, id=28468, stack(0x000000571f400000,0x000000571f500000)]
  0x00000191825d0a70 JavaThread "Execution worker Thread 6" [_thread_blocked, id=29380, stack(0x000000571f500000,0x000000571f600000)]
  0x00000191825caf00 JavaThread "Execution worker Thread 7" [_thread_blocked, id=21356, stack(0x000000571f600000,0x000000571f700000)]
  0x00000191825cb3d0 JavaThread "Cache worker for execution history cache (E:\Documentos\GitHub\TextMatchApp\.gradle\8.0\executionHistory)" [_thread_blocked, id=61288, stack(0x000000571f700000,0x000000571f800000)]
  0x000001918b0395a0 JavaThread "WorkerExecutor Queue" [_thread_blocked, id=22820, stack(0x000000571f800000,0x000000571f900000)]
  0x000001918b0390d0 JavaThread "WorkerExecutor Queue Thread 2" [_thread_blocked, id=1508, stack(0x000000571f900000,0x000000571fa00000)]
  0x0000019189c774d0 JavaThread "WorkerExecutor Queue Thread 3" [_thread_blocked, id=5280, stack(0x000000571fa00000,0x000000571fb00000)]
  0x000001918b039f40 JavaThread "pool-3-thread-1" [_thread_blocked, id=44724, stack(0x000000571fb00000,0x000000571fc00000)]
  0x0000019185fd4060 JavaThread "stderr" [_thread_in_native, id=46276, stack(0x000000571fc00000,0x000000571fd00000)]
  0x0000019185fd4a00 JavaThread "stdout" [_thread_in_native, id=44828, stack(0x000000571fd00000,0x000000571fe00000)]
  0x0000019184b5fb10 JavaThread "C2 CompilerThread1" daemon [_thread_blocked, id=61508, stack(0x0000005717300000,0x0000005717400000)]
  0x0000019185fd4ed0 JavaThread "WorkerExecutor Queue Thread 4" [_thread_blocked, id=33004, stack(0x000000571fe00000,0x000000571ff00000)]
  0x0000019185fd53a0 JavaThread "WorkerExecutor Queue Thread 5" [_thread_blocked, id=812, stack(0x000000571ff00000,0x0000005720000000)]
  0x0000019189758d10 JavaThread "C2 CompilerThread2" daemon [_thread_blocked, id=21672, stack(0x0000005718900000,0x0000005718a00000)]

Other Threads:
=>0x00000191fe6bf240 VMThread "VM Thread" [stack: 0x0000005716600000,0x0000005716700000] [id=52124]
  0x00000191e2940cf0 WatcherThread [stack: 0x0000005717200000,0x0000005717300000] [id=34748]
  0x00000191e2927020 GCTaskThread "GC Thread#0" [stack: 0x0000005716100000,0x0000005716200000] [id=32564]
  0x00000191808403d0 GCTaskThread "GC Thread#1" [stack: 0x0000005717500000,0x0000005717600000] [id=62612]
  0x0000019180840680 GCTaskThread "GC Thread#2" [stack: 0x0000005717600000,0x0000005717700000] [id=61832]
  0x0000019180576cb0 GCTaskThread "GC Thread#3" [stack: 0x0000005717700000,0x0000005717800000] [id=21476]
  0x0000019180576f60 GCTaskThread "GC Thread#4" [stack: 0x0000005717800000,0x0000005717900000] [id=16076]
  0x0000019180577210 GCTaskThread "GC Thread#5" [stack: 0x0000005717900000,0x0000005717a00000] [id=31952]
  0x0000019181e7a990 GCTaskThread "GC Thread#6" [stack: 0x0000005717400000,0x0000005717500000] [id=55300]
  0x0000019180ebaf30 GCTaskThread "GC Thread#7" [stack: 0x0000005718400000,0x0000005718500000] [id=41312]
  0x00000191e2937f60 ConcurrentGCThread "G1 Main Marker" [stack: 0x0000005716200000,0x0000005716300000] [id=55528]
  0x00000191e2939900 ConcurrentGCThread "G1 Conc#0" [stack: 0x0000005716300000,0x0000005716400000] [id=56788]
  0x0000019181c2ff40 ConcurrentGCThread "G1 Conc#1" [stack: 0x0000005718500000,0x0000005718600000] [id=14732]
  0x00000191e297d980 ConcurrentGCThread "G1 Refine#0" [stack: 0x0000005716400000,0x0000005716500000] [id=51168]
  0x0000019183217f90 ConcurrentGCThread "G1 Refine#1" [stack: 0x0000005719400000,0x0000005719500000] [id=61648]
  0x00000191e297e3a0 ConcurrentGCThread "G1 Service" [stack: 0x0000005716500000,0x0000005716600000] [id=13188]

Threads with active compile tasks:
C2 CompilerThread0    16531 14656       4       org.gradle.internal.file.FileHierarchySet$Node::plus (337 bytes)
C2 CompilerThread1    16531 14660       4       org.jetbrains.org.objectweb.asm.ClassReader::readField (667 bytes)
C2 CompilerThread2    16531 14603       4       org.jetbrains.org.objectweb.asm.SymbolTable::addConstantUtf8 (98 bytes)

VM state: at safepoint (normal execution)

VM Mutex/Monitor currently owned by a thread:  ([mutex/lock_event])
[0x00000191e28c9740] Threads_lock - owner thread: 0x00000191fe6bf240
[0x00000191e28c8a50] Heap_lock - owner thread: 0x000001918565c0c0

Heap address: 0x0000000080000000, size: 2048 MB, Compressed Oops mode: 32-bit

CDS archive(s) not mapped
Compressed class space mapped at: 0x0000000100000000-0x0000000140000000, reserved size: 1073741824
Narrow klass base: 0x0000000000000000, Narrow klass shift: 3, Narrow klass range: 0x140000000

GC Precious Log:
 CPUs: 8 total, 8 available
 Memory: 16296M
 Large Page Support: Disabled
 NUMA Support: Disabled
 Compressed Oops: Enabled (32-bit)
 Heap Region Size: 1M
 Heap Min Capacity: 8M
 Heap Initial Capacity: 256M
 Heap Max Capacity: 2G
 Pre-touch: Disabled
 Parallel Workers: 8
 Concurrent Workers: 2
 Concurrent Refinement Workers: 8
 Periodic GC: Disabled

Heap:
 garbage-first heap   total 262144K, used 117902K [0x0000000080000000, 0x0000000100000000)
  region size 1024K, 8 young (8192K), 8 survivors (8192K)
 Metaspace       used 105847K, committed 106560K, reserved 1146880K
  class space    used 14151K, committed 14528K, reserved 1048576K

Heap Regions: E=young(eden), S=young(survivor), O=old, HS=humongous(starts), HC=humongous(continues), CS=collection set, F=free, OA=open archive, CA=closed archive, TAMS=top-at-mark-start (previous, next)
|   0|0x0000000080000000, 0x0000000080100000, 0x0000000080100000|100%|HS|  |TAMS 0x0000000080100000, 0x0000000080100000| Complete 
|   1|0x0000000080100000, 0x0000000080200000, 0x0000000080200000|100%|HC|  |TAMS 0x0000000080200000, 0x0000000080200000| Complete 
|   2|0x0000000080200000, 0x0000000080300000, 0x0000000080300000|100%|HC|  |TAMS 0x0000000080300000, 0x0000000080300000| Complete 
|   3|0x0000000080300000, 0x0000000080400000, 0x0000000080400000|100%|HC|  |TAMS 0x0000000080400000, 0x0000000080400000| Complete 
|   4|0x0000000080400000, 0x0000000080500000, 0x0000000080500000|100%| O|  |TAMS 0x0000000080400000, 0x0000000080500000| Untracked 
|   5|0x0000000080500000, 0x0000000080600000, 0x0000000080600000|100%| O|  |TAMS 0x0000000080600000, 0x0000000080600000| Untracked 
|   6|0x0000000080600000, 0x0000000080700000, 0x0000000080700000|100%| O|  |TAMS 0x0000000080700000, 0x0000000080700000| Untracked 
|   7|0x0000000080700000, 0x0000000080800000, 0x0000000080800000|100%| O|  |TAMS 0x0000000080800000, 0x0000000080800000| Untracked 
|   8|0x0000000080800000, 0x0000000080900000, 0x0000000080900000|100%| O|  |TAMS 0x0000000080900000, 0x0000000080900000| Untracked 
|   9|0x0000000080900000, 0x0000000080a00000, 0x0000000080a00000|100%| O|  |TAMS 0x0000000080a00000, 0x0000000080a00000| Untracked 
|  10|0x0000000080a00000, 0x0000000080b00000, 0x0000000080b00000|100%| O|  |TAMS 0x0000000080b00000, 0x0000000080b00000| Untracked 
|  11|0x0000000080b00000, 0x0000000080c00000, 0x0000000080c00000|100%| O|  |TAMS 0x0000000080c00000, 0x0000000080c00000| Untracked 
|  12|0x0000000080c00000, 0x0000000080d00000, 0x0000000080d00000|100%| O|  |TAMS 0x0000000080d00000, 0x0000000080d00000| Untracked 
|  13|0x0000000080d00000, 0x0000000080e00000, 0x0000000080e00000|100%| O|  |TAMS 0x0000000080e00000, 0x0000000080e00000| Untracked 
|  14|0x0000000080e00000, 0x0000000080f00000, 0x0000000080f00000|100%| O|  |TAMS 0x0000000080f00000, 0x0000000080f00000| Untracked 
|  15|0x0000000080f00000, 0x0000000081000000, 0x0000000081000000|100%| O|  |TAMS 0x0000000081000000, 0x0000000081000000| Untracked 
|  16|0x0000000081000000, 0x0000000081100000, 0x0000000081100000|100%| O|  |TAMS 0x0000000081100000, 0x0000000081100000| Untracked 
|  17|0x0000000081100000, 0x0000000081200000, 0x0000000081200000|100%| O|  |TAMS 0x0000000081200000, 0x0000000081200000| Untracked 
|  18|0x0000000081200000, 0x0000000081300000, 0x0000000081300000|100%| O|  |TAMS 0x0000000081300000, 0x0000000081300000| Untracked 
|  19|0x0000000081300000, 0x0000000081400000, 0x0000000081400000|100%| O|  |TAMS 0x0000000081400000, 0x0000000081400000| Untracked 
|  20|0x0000000081400000, 0x0000000081500000, 0x0000000081500000|100%| O|  |TAMS 0x0000000081500000, 0x0000000081500000| Untracked 
|  21|0x0000000081500000, 0x0000000081600000, 0x0000000081600000|100%| O|  |TAMS 0x0000000081600000, 0x0000000081600000| Untracked 
|  22|0x0000000081600000, 0x0000000081700000, 0x0000000081700000|100%| O|  |TAMS 0x0000000081700000, 0x0000000081700000| Untracked 
|  23|0x0000000081700000, 0x0000000081800000, 0x0000000081800000|100%| O|  |TAMS 0x0000000081800000, 0x0000000081800000| Untracked 
|  24|0x0000000081800000, 0x0000000081900000, 0x0000000081900000|100%| O|  |TAMS 0x0000000081900000, 0x0000000081900000| Untracked 
|  25|0x0000000081900000, 0x0000000081a00000, 0x0000000081a00000|100%| O|  |TAMS 0x0000000081a00000, 0x0000000081a00000| Untracked 
|  26|0x0000000081a00000, 0x0000000081b00000, 0x0000000081b00000|100%| O|  |TAMS 0x0000000081b00000, 0x0000000081b00000| Untracked 
|  27|0x0000000081b00000, 0x0000000081c00000, 0x0000000081c00000|100%| O|  |TAMS 0x0000000081c00000, 0x0000000081c00000| Untracked 
|  28|0x0000000081c00000, 0x0000000081d00000, 0x0000000081d00000|100%| O|  |TAMS 0x0000000081d00000, 0x0000000081d00000| Untracked 
|  29|0x0000000081d00000, 0x0000000081e00000, 0x0000000081e00000|100%| O|  |TAMS 0x0000000081e00000, 0x0000000081e00000| Untracked 
|  30|0x0000000081e00000, 0x0000000081f00000, 0x0000000081f00000|100%| O|  |TAMS 0x0000000081f00000, 0x0000000081f00000| Untracked 
|  31|0x0000000081f00000, 0x0000000082000000, 0x0000000082000000|100%| O|  |TAMS 0x0000000082000000, 0x0000000082000000| Untracked 
|  32|0x0000000082000000, 0x0000000082100000, 0x0000000082100000|100%| O|  |TAMS 0x0000000082100000, 0x0000000082100000| Untracked 
|  33|0x0000000082100000, 0x0000000082200000, 0x0000000082200000|100%|HS|  |TAMS 0x0000000082200000, 0x0000000082200000| Complete 
|  34|0x0000000082200000, 0x0000000082300000, 0x0000000082300000|100%|HS|  |TAMS 0x0000000082300000, 0x0000000082300000| Complete 
|  35|0x0000000082300000, 0x0000000082400000, 0x0000000082400000|100%|HC|  |TAMS 0x0000000082400000, 0x0000000082400000| Complete 
|  36|0x0000000082400000, 0x0000000082500000, 0x0000000082500000|100%|HS|  |TAMS 0x0000000082500000, 0x0000000082500000| Complete 
|  37|0x0000000082500000, 0x0000000082600000, 0x0000000082600000|100%| O|  |TAMS 0x0000000082600000, 0x0000000082600000| Untracked 
|  38|0x0000000082600000, 0x0000000082700000, 0x0000000082700000|100%| O|  |TAMS 0x0000000082700000, 0x0000000082700000| Untracked 
|  39|0x0000000082700000, 0x0000000082800000, 0x0000000082800000|100%| O|  |TAMS 0x0000000082800000, 0x0000000082800000| Untracked 
|  40|0x0000000082800000, 0x0000000082900000, 0x0000000082900000|100%| O|  |TAMS 0x0000000082900000, 0x0000000082900000| Untracked 
|  41|0x0000000082900000, 0x0000000082a00000, 0x0000000082a00000|100%|HS|  |TAMS 0x0000000082a00000, 0x0000000082a00000| Complete 
|  42|0x0000000082a00000, 0x0000000082b00000, 0x0000000082b00000|100%|HC|  |TAMS 0x0000000082b00000, 0x0000000082b00000| Complete 
|  43|0x0000000082b00000, 0x0000000082c00000, 0x0000000082c00000|100%|HC|  |TAMS 0x0000000082c00000, 0x0000000082c00000| Complete 
|  44|0x0000000082c00000, 0x0000000082d00000, 0x0000000082d00000|100%|HC|  |TAMS 0x0000000082d00000, 0x0000000082d00000| Complete 
|  45|0x0000000082d00000, 0x0000000082e00000, 0x0000000082e00000|100%| O|  |TAMS 0x0000000082e00000, 0x0000000082e00000| Untracked 
|  46|0x0000000082e00000, 0x0000000082f00000, 0x0000000082f00000|100%| O|  |TAMS 0x0000000082f00000, 0x0000000082f00000| Untracked 
|  47|0x0000000082f00000, 0x0000000083000000, 0x0000000083000000|100%| O|  |TAMS 0x0000000083000000, 0x0000000083000000| Untracked 
|  48|0x0000000083000000, 0x0000000083100000, 0x0000000083100000|100%| O|  |TAMS 0x0000000083100000, 0x0000000083100000| Untracked 
|  49|0x0000000083100000, 0x0000000083200000, 0x0000000083200000|100%| O|  |TAMS 0x0000000083200000, 0x0000000083200000| Untracked 
|  50|0x0000000083200000, 0x0000000083300000, 0x0000000083300000|100%| O|  |TAMS 0x0000000083300000, 0x0000000083300000| Untracked 
|  51|0x0000000083300000, 0x0000000083400000, 0x0000000083400000|100%| O|  |TAMS 0x0000000083400000, 0x0000000083400000| Untracked 
|  52|0x0000000083400000, 0x0000000083500000, 0x0000000083500000|100%| O|  |TAMS 0x0000000083500000, 0x0000000083500000| Untracked 
|  53|0x0000000083500000, 0x0000000083600000, 0x0000000083600000|100%| O|  |TAMS 0x0000000083600000, 0x0000000083600000| Untracked 
|  54|0x0000000083600000, 0x0000000083700000, 0x0000000083700000|100%| O|  |TAMS 0x0000000083700000, 0x0000000083700000| Untracked 
|  55|0x0000000083700000, 0x0000000083800000, 0x0000000083800000|100%| O|  |TAMS 0x0000000083800000, 0x0000000083800000| Untracked 
|  56|0x0000000083800000, 0x0000000083900000, 0x0000000083900000|100%| O|  |TAMS 0x0000000083900000, 0x0000000083900000| Untracked 
|  57|0x0000000083900000, 0x0000000083a00000, 0x0000000083a00000|100%| O|  |TAMS 0x0000000083a00000, 0x0000000083a00000| Untracked 
|  58|0x0000000083a00000, 0x0000000083a00000, 0x0000000083b00000|  0%| F|  |TAMS 0x0000000083a00000, 0x0000000083a00000| Untracked 
|  59|0x0000000083b00000, 0x0000000083c00000, 0x0000000083c00000|100%| O|  |TAMS 0x0000000083c00000, 0x0000000083c00000| Untracked 
|  60|0x0000000083c00000, 0x0000000083d00000, 0x0000000083d00000|100%| O|  |TAMS 0x0000000083d00000, 0x0000000083d00000| Untracked 
|  61|0x0000000083d00000, 0x0000000083e00000, 0x0000000083e00000|100%| O|  |TAMS 0x0000000083e00000, 0x0000000083e00000| Untracked 
|  62|0x0000000083e00000, 0x0000000083f00000, 0x0000000083f00000|100%| O|  |TAMS 0x0000000083f00000, 0x0000000083f00000| Untracked 
|  63|0x0000000083f00000, 0x0000000084000000, 0x0000000084000000|100%| O|  |TAMS 0x0000000084000000, 0x0000000084000000| Untracked 
|  64|0x0000000084000000, 0x0000000084100000, 0x0000000084100000|100%| O|  |TAMS 0x0000000084100000, 0x0000000084100000| Untracked 
|  65|0x0000000084100000, 0x0000000084200000, 0x0000000084200000|100%| O|  |TAMS 0x0000000084200000, 0x0000000084200000| Untracked 
|  66|0x0000000084200000, 0x0000000084300000, 0x0000000084300000|100%| O|  |TAMS 0x0000000084300000, 0x0000000084300000| Untracked 
|  67|0x0000000084300000, 0x0000000084400000, 0x0000000084400000|100%| O|  |TAMS 0x0000000084400000, 0x0000000084400000| Untracked 
|  68|0x0000000084400000, 0x0000000084500000, 0x0000000084500000|100%| O|  |TAMS 0x0000000084500000, 0x0000000084500000| Untracked 
|  69|0x0000000084500000, 0x0000000084600000, 0x0000000084600000|100%| O|  |TAMS 0x0000000084600000, 0x0000000084600000| Untracked 
|  70|0x0000000084600000, 0x0000000084700000, 0x0000000084700000|100%| O|  |TAMS 0x0000000084700000, 0x0000000084700000| Untracked 
|  71|0x0000000084700000, 0x0000000084800000, 0x0000000084800000|100%| O|  |TAMS 0x0000000084800000, 0x0000000084800000| Untracked 
|  72|0x0000000084800000, 0x0000000084900000, 0x0000000084900000|100%| O|  |TAMS 0x0000000084900000, 0x0000000084900000| Untracked 
|  73|0x0000000084900000, 0x0000000084a00000, 0x0000000084a00000|100%| O|  |TAMS 0x0000000084a00000, 0x0000000084a00000| Untracked 
|  74|0x0000000084a00000, 0x0000000084b00000, 0x0000000084b00000|100%| O|  |TAMS 0x0000000084b00000, 0x0000000084b00000| Untracked 
|  75|0x0000000084b00000, 0x0000000084c00000, 0x0000000084c00000|100%| O|  |TAMS 0x0000000084c00000, 0x0000000084c00000| Untracked 
|  76|0x0000000084c00000, 0x0000000084d00000, 0x0000000084d00000|100%| O|  |TAMS 0x0000000084d00000, 0x0000000084d00000| Untracked 
|  77|0x0000000084d00000, 0x0000000084e00000, 0x0000000084e00000|100%| O|  |TAMS 0x0000000084e00000, 0x0000000084e00000| Untracked 
|  78|0x0000000084e00000, 0x0000000084f00000, 0x0000000084f00000|100%| O|  |TAMS 0x0000000084f00000, 0x0000000084f00000| Untracked 
|  79|0x0000000084f00000, 0x0000000085000000, 0x0000000085000000|100%| O|  |TAMS 0x0000000085000000, 0x0000000085000000| Untracked 
|  80|0x0000000085000000, 0x0000000085100000, 0x0000000085100000|100%| O|  |TAMS 0x0000000085100000, 0x0000000085100000| Untracked 
|  81|0x0000000085100000, 0x0000000085200000, 0x0000000085200000|100%| O|  |TAMS 0x0000000085200000, 0x0000000085200000| Untracked 
|  82|0x0000000085200000, 0x0000000085300000, 0x0000000085300000|100%| O|  |TAMS 0x0000000085300000, 0x0000000085300000| Untracked 
|  83|0x0000000085300000, 0x0000000085400000, 0x0000000085400000|100%| O|  |TAMS 0x0000000085400000, 0x0000000085400000| Untracked 
|  84|0x0000000085400000, 0x0000000085500000, 0x0000000085500000|100%| O|  |TAMS 0x0000000085500000, 0x0000000085500000| Untracked 
|  85|0x0000000085500000, 0x0000000085600000, 0x0000000085600000|100%| O|  |TAMS 0x0000000085600000, 0x0000000085600000| Untracked 
|  86|0x0000000085600000, 0x0000000085700000, 0x0000000085700000|100%| O|  |TAMS 0x0000000085700000, 0x0000000085700000| Untracked 
|  87|0x0000000085700000, 0x0000000085800000, 0x0000000085800000|100%| O|  |TAMS 0x0000000085800000, 0x0000000085800000| Untracked 
|  88|0x0000000085800000, 0x0000000085900000, 0x0000000085900000|100%| O|  |TAMS 0x0000000085900000, 0x0000000085900000| Untracked 
|  89|0x0000000085900000, 0x0000000085a00000, 0x0000000085a00000|100%| O|  |TAMS 0x0000000085a00000, 0x0000000085a00000| Untracked 
|  90|0x0000000085a00000, 0x0000000085b00000, 0x0000000085b00000|100%| O|  |TAMS 0x0000000085b00000, 0x0000000085b00000| Untracked 
|  91|0x0000000085b00000, 0x0000000085c00000, 0x0000000085c00000|100%| O|  |TAMS 0x0000000085c00000, 0x0000000085c00000| Untracked 
|  92|0x0000000085c00000, 0x0000000085d00000, 0x0000000085d00000|100%| O|  |TAMS 0x0000000085d00000, 0x0000000085d00000| Untracked 
|  93|0x0000000085d00000, 0x0000000085e00000, 0x0000000085e00000|100%| O|  |TAMS 0x0000000085e00000, 0x0000000085e00000| Untracked 
|  94|0x0000000085e00000, 0x0000000085f00000, 0x0000000085f00000|100%| O|  |TAMS 0x0000000085f00000, 0x0000000085f00000| Untracked 
|  95|0x0000000085f00000, 0x0000000086000000, 0x0000000086000000|100%| O|  |TAMS 0x0000000086000000, 0x0000000086000000| Untracked 
|  96|0x0000000086000000, 0x0000000086100000, 0x0000000086100000|100%| O|  |TAMS 0x0000000086100000, 0x0000000086100000| Untracked 
|  97|0x0000000086100000, 0x0000000086200000, 0x0000000086200000|100%| O|  |TAMS 0x0000000086200000, 0x0000000086200000| Untracked 
|  98|0x0000000086200000, 0x0000000086300000, 0x0000000086300000|100%| O|  |TAMS 0x0000000086300000, 0x0000000086300000| Untracked 
|  99|0x0000000086300000, 0x0000000086400000, 0x0000000086400000|100%| O|  |TAMS 0x0000000086400000, 0x0000000086400000| Untracked 
| 100|0x0000000086400000, 0x0000000086500000, 0x0000000086500000|100%| O|  |TAMS 0x00000000864c4e00, 0x0000000086500000| Untracked 
| 101|0x0000000086500000, 0x0000000086600000, 0x0000000086600000|100%| O|  |TAMS 0x0000000086500000, 0x0000000086600000| Untracked 
| 102|0x0000000086600000, 0x0000000086700000, 0x0000000086700000|100%| O|  |TAMS 0x0000000086600000, 0x0000000086700000| Untracked 
| 103|0x0000000086700000, 0x0000000086800000, 0x0000000086800000|100%| O|  |TAMS 0x0000000086700000, 0x0000000086800000| Untracked 
| 104|0x0000000086800000, 0x0000000086900000, 0x0000000086900000|100%| O|  |TAMS 0x0000000086800000, 0x0000000086900000| Untracked 
| 105|0x0000000086900000, 0x0000000086a00000, 0x0000000086a00000|100%| O|  |TAMS 0x0000000086900000, 0x0000000086a00000| Untracked 
| 106|0x0000000086a00000, 0x0000000086b00000, 0x0000000086b00000|100%| O|  |TAMS 0x0000000086a00000, 0x0000000086b00000| Untracked 
| 107|0x0000000086b00000, 0x0000000086c00000, 0x0000000086c00000|100%| O|  |TAMS 0x0000000086b00000, 0x0000000086c00000| Untracked 
| 108|0x0000000086c00000, 0x0000000086ce0c00, 0x0000000086d00000| 87%| O|  |TAMS 0x0000000086c00000, 0x0000000086ce0c00| Untracked 
| 109|0x0000000086d00000, 0x0000000086d00000, 0x0000000086e00000|  0%| F|  |TAMS 0x0000000086d00000, 0x0000000086d00000| Untracked 
| 110|0x0000000086e00000, 0x0000000086e00000, 0x0000000086f00000|  0%| F|  |TAMS 0x0000000086e00000, 0x0000000086e00000| Untracked 
| 111|0x0000000086f00000, 0x0000000086f00000, 0x0000000087000000|  0%| F|  |TAMS 0x0000000086f00000, 0x0000000086f00000| Untracked 
| 112|0x0000000087000000, 0x0000000087000000, 0x0000000087100000|  0%| F|  |TAMS 0x0000000087000000, 0x0000000087000000| Untracked 
| 113|0x0000000087100000, 0x0000000087100000, 0x0000000087200000|  0%| F|  |TAMS 0x0000000087100000, 0x0000000087100000| Untracked 
| 114|0x0000000087200000, 0x0000000087200000, 0x0000000087300000|  0%| F|  |TAMS 0x0000000087200000, 0x0000000087200000| Untracked 
| 115|0x0000000087300000, 0x0000000087300000, 0x0000000087400000|  0%| F|  |TAMS 0x0000000087300000, 0x0000000087300000| Untracked 
| 116|0x0000000087400000, 0x0000000087400000, 0x0000000087500000|  0%| F|  |TAMS 0x0000000087400000, 0x0000000087400000| Untracked 
| 117|0x0000000087500000, 0x0000000087500000, 0x0000000087600000|  0%| F|  |TAMS 0x0000000087500000, 0x0000000087500000| Untracked 
| 118|0x0000000087600000, 0x0000000087600000, 0x0000000087700000|  0%| F|  |TAMS 0x0000000087600000, 0x0000000087600000| Untracked 
| 119|0x0000000087700000, 0x0000000087700000, 0x0000000087800000|  0%| F|  |TAMS 0x0000000087700000, 0x0000000087700000| Untracked 
| 120|0x0000000087800000, 0x0000000087800000, 0x0000000087900000|  0%| F|  |TAMS 0x0000000087800000, 0x0000000087800000| Untracked 
| 121|0x0000000087900000, 0x0000000087900000, 0x0000000087a00000|  0%| F|  |TAMS 0x0000000087900000, 0x0000000087900000| Untracked 
| 122|0x0000000087a00000, 0x0000000087a00000, 0x0000000087b00000|  0%| F|  |TAMS 0x0000000087a00000, 0x0000000087a00000| Untracked 
| 123|0x0000000087b00000, 0x0000000087b00000, 0x0000000087c00000|  0%| F|  |TAMS 0x0000000087b00000, 0x0000000087b00000| Untracked 
| 124|0x0000000087c00000, 0x0000000087c00000, 0x0000000087d00000|  0%| F|  |TAMS 0x0000000087c00000, 0x0000000087c00000| Untracked 
| 125|0x0000000087d00000, 0x0000000087d00000, 0x0000000087e00000|  0%| F|  |TAMS 0x0000000087d00000, 0x0000000087d00000| Untracked 
| 126|0x0000000087e00000, 0x0000000087e00000, 0x0000000087f00000|  0%| F|  |TAMS 0x0000000087e00000, 0x0000000087e00000| Untracked 
| 127|0x0000000087f00000, 0x0000000087f00000, 0x0000000088000000|  0%| F|  |TAMS 0x0000000087f00000, 0x0000000087f00000| Untracked 
| 128|0x0000000088000000, 0x0000000088000000, 0x0000000088100000|  0%| F|  |TAMS 0x0000000088000000, 0x0000000088000000| Untracked 
| 129|0x0000000088100000, 0x0000000088100000, 0x0000000088200000|  0%| F|  |TAMS 0x0000000088100000, 0x0000000088100000| Untracked 
| 130|0x0000000088200000, 0x0000000088200000, 0x0000000088300000|  0%| F|  |TAMS 0x0000000088200000, 0x0000000088200000| Untracked 
| 131|0x0000000088300000, 0x0000000088300000, 0x0000000088400000|  0%| F|  |TAMS 0x0000000088300000, 0x0000000088300000| Untracked 
| 132|0x0000000088400000, 0x0000000088400000, 0x0000000088500000|  0%| F|  |TAMS 0x0000000088400000, 0x0000000088400000| Untracked 
| 133|0x0000000088500000, 0x0000000088500000, 0x0000000088600000|  0%| F|  |TAMS 0x0000000088500000, 0x0000000088500000| Untracked 
| 134|0x0000000088600000, 0x0000000088600000, 0x0000000088700000|  0%| F|  |TAMS 0x0000000088600000, 0x0000000088600000| Untracked 
| 135|0x0000000088700000, 0x0000000088700000, 0x0000000088800000|  0%| F|  |TAMS 0x0000000088700000, 0x0000000088700000| Untracked 
| 136|0x0000000088800000, 0x0000000088800000, 0x0000000088900000|  0%| F|  |TAMS 0x0000000088800000, 0x0000000088800000| Untracked 
| 137|0x0000000088900000, 0x0000000088900000, 0x0000000088a00000|  0%| F|  |TAMS 0x0000000088900000, 0x0000000088900000| Untracked 
| 138|0x0000000088a00000, 0x0000000088a00000, 0x0000000088b00000|  0%| F|  |TAMS 0x0000000088a00000, 0x0000000088a00000| Untracked 
| 139|0x0000000088b00000, 0x0000000088b00000, 0x0000000088c00000|  0%| F|  |TAMS 0x0000000088b00000, 0x0000000088b00000| Untracked 
| 140|0x0000000088c00000, 0x0000000088c00000, 0x0000000088d00000|  0%| F|  |TAMS 0x0000000088c00000, 0x0000000088c00000| Untracked 
| 141|0x0000000088d00000, 0x0000000088d42c80, 0x0000000088e00000| 26%| S|CS|TAMS 0x0000000088d00000, 0x0000000088d00000| Complete 
| 142|0x0000000088e00000, 0x0000000088f00000, 0x0000000088f00000|100%| S|CS|TAMS 0x0000000088e00000, 0x0000000088e00000| Complete 
| 143|0x0000000088f00000, 0x0000000089000000, 0x0000000089000000|100%| S|CS|TAMS 0x0000000088f00000, 0x0000000088f00000| Complete 
| 144|0x0000000089000000, 0x0000000089100000, 0x0000000089100000|100%| S|CS|TAMS 0x0000000089000000, 0x0000000089000000| Complete 
| 145|0x0000000089100000, 0x0000000089200000, 0x0000000089200000|100%| S|CS|TAMS 0x0000000089100000, 0x0000000089100000| Complete 
| 146|0x0000000089200000, 0x0000000089300000, 0x0000000089300000|100%| S|CS|TAMS 0x0000000089200000, 0x0000000089200000| Complete 
| 147|0x0000000089300000, 0x0000000089400000, 0x0000000089400000|100%| S|CS|TAMS 0x0000000089300000, 0x0000000089300000| Complete 
| 148|0x0000000089400000, 0x0000000089500000, 0x0000000089500000|100%| S|CS|TAMS 0x0000000089400000, 0x0000000089400000| Complete 
| 149|0x0000000089500000, 0x0000000089500000, 0x0000000089600000|  0%| F|  |TAMS 0x0000000089500000, 0x0000000089500000| Untracked 
| 150|0x0000000089600000, 0x0000000089600000, 0x0000000089700000|  0%| F|  |TAMS 0x0000000089600000, 0x0000000089600000| Untracked 
| 151|0x0000000089700000, 0x0000000089700000, 0x0000000089800000|  0%| F|  |TAMS 0x0000000089700000, 0x0000000089700000| Untracked 
| 152|0x0000000089800000, 0x0000000089800000, 0x0000000089900000|  0%| F|  |TAMS 0x0000000089800000, 0x0000000089800000| Untracked 
| 153|0x0000000089900000, 0x0000000089900000, 0x0000000089a00000|  0%| F|  |TAMS 0x0000000089900000, 0x0000000089900000| Untracked 
| 154|0x0000000089a00000, 0x0000000089a00000, 0x0000000089b00000|  0%| F|  |TAMS 0x0000000089a00000, 0x0000000089a00000| Untracked 
| 155|0x0000000089b00000, 0x0000000089b00000, 0x0000000089c00000|  0%| F|  |TAMS 0x0000000089b00000, 0x0000000089b00000| Untracked 
| 156|0x0000000089c00000, 0x0000000089c00000, 0x0000000089d00000|  0%| F|  |TAMS 0x0000000089c00000, 0x0000000089c00000| Untracked 
| 157|0x0000000089d00000, 0x0000000089d00000, 0x0000000089e00000|  0%| F|  |TAMS 0x0000000089d00000, 0x0000000089d00000| Untracked 
| 158|0x0000000089e00000, 0x0000000089e00000, 0x0000000089f00000|  0%| F|  |TAMS 0x0000000089e00000, 0x0000000089e00000| Untracked 
| 159|0x0000000089f00000, 0x0000000089f00000, 0x000000008a000000|  0%| F|  |TAMS 0x0000000089f00000, 0x0000000089f00000| Untracked 
| 160|0x000000008a000000, 0x000000008a000000, 0x000000008a100000|  0%| F|  |TAMS 0x000000008a000000, 0x000000008a000000| Untracked 
| 161|0x000000008a100000, 0x000000008a100000, 0x000000008a200000|  0%| F|  |TAMS 0x000000008a100000, 0x000000008a100000| Untracked 
| 162|0x000000008a200000, 0x000000008a200000, 0x000000008a300000|  0%| F|  |TAMS 0x000000008a200000, 0x000000008a200000| Untracked 
| 163|0x000000008a300000, 0x000000008a300000, 0x000000008a400000|  0%| F|  |TAMS 0x000000008a300000, 0x000000008a300000| Untracked 
| 164|0x000000008a400000, 0x000000008a400000, 0x000000008a500000|  0%| F|  |TAMS 0x000000008a400000, 0x000000008a400000| Untracked 
| 165|0x000000008a500000, 0x000000008a500000, 0x000000008a600000|  0%| F|  |TAMS 0x000000008a500000, 0x000000008a500000| Untracked 
| 166|0x000000008a600000, 0x000000008a600000, 0x000000008a700000|  0%| F|  |TAMS 0x000000008a600000, 0x000000008a600000| Untracked 
| 167|0x000000008a700000, 0x000000008a700000, 0x000000008a800000|  0%| F|  |TAMS 0x000000008a700000, 0x000000008a700000| Untracked 
| 168|0x000000008a800000, 0x000000008a800000, 0x000000008a900000|  0%| F|  |TAMS 0x000000008a800000, 0x000000008a800000| Untracked 
| 169|0x000000008a900000, 0x000000008a900000, 0x000000008aa00000|  0%| F|  |TAMS 0x000000008a900000, 0x000000008a900000| Untracked 
| 170|0x000000008aa00000, 0x000000008aa00000, 0x000000008ab00000|  0%| F|  |TAMS 0x000000008aa00000, 0x000000008aa00000| Untracked 
| 171|0x000000008ab00000, 0x000000008ab00000, 0x000000008ac00000|  0%| F|  |TAMS 0x000000008ab00000, 0x000000008ab00000| Untracked 
| 172|0x000000008ac00000, 0x000000008ac00000, 0x000000008ad00000|  0%| F|  |TAMS 0x000000008ac00000, 0x000000008ac00000| Untracked 
| 173|0x000000008ad00000, 0x000000008ad00000, 0x000000008ae00000|  0%| F|  |TAMS 0x000000008ad00000, 0x000000008ad00000| Untracked 
| 174|0x000000008ae00000, 0x000000008ae00000, 0x000000008af00000|  0%| F|  |TAMS 0x000000008ae00000, 0x000000008ae00000| Untracked 
| 175|0x000000008af00000, 0x000000008af00000, 0x000000008b000000|  0%| F|  |TAMS 0x000000008af00000, 0x000000008af00000| Untracked 
| 176|0x000000008b000000, 0x000000008b000000, 0x000000008b100000|  0%| F|  |TAMS 0x000000008b000000, 0x000000008b000000| Untracked 
| 177|0x000000008b100000, 0x000000008b100000, 0x000000008b200000|  0%| F|  |TAMS 0x000000008b100000, 0x000000008b100000| Untracked 
| 178|0x000000008b200000, 0x000000008b200000, 0x000000008b300000|  0%| F|  |TAMS 0x000000008b200000, 0x000000008b200000| Untracked 
| 179|0x000000008b300000, 0x000000008b300000, 0x000000008b400000|  0%| F|  |TAMS 0x000000008b300000, 0x000000008b300000| Untracked 
| 180|0x000000008b400000, 0x000000008b400000, 0x000000008b500000|  0%| F|  |TAMS 0x000000008b400000, 0x000000008b400000| Untracked 
| 181|0x000000008b500000, 0x000000008b500000, 0x000000008b600000|  0%| F|  |TAMS 0x000000008b500000, 0x000000008b500000| Untracked 
| 182|0x000000008b600000, 0x000000008b600000, 0x000000008b700000|  0%| F|  |TAMS 0x000000008b600000, 0x000000008b600000| Untracked 
| 183|0x000000008b700000, 0x000000008b700000, 0x000000008b800000|  0%| F|  |TAMS 0x000000008b700000, 0x000000008b700000| Untracked 
| 184|0x000000008b800000, 0x000000008b800000, 0x000000008b900000|  0%| F|  |TAMS 0x000000008b800000, 0x000000008b800000| Untracked 
| 185|0x000000008b900000, 0x000000008b900000, 0x000000008ba00000|  0%| F|  |TAMS 0x000000008b900000, 0x000000008b900000| Untracked 
| 186|0x000000008ba00000, 0x000000008ba00000, 0x000000008bb00000|  0%| F|  |TAMS 0x000000008ba00000, 0x000000008ba00000| Untracked 
| 187|0x000000008bb00000, 0x000000008bb00000, 0x000000008bc00000|  0%| F|  |TAMS 0x000000008bb00000, 0x000000008bb00000| Untracked 
| 188|0x000000008bc00000, 0x000000008bc00000, 0x000000008bd00000|  0%| F|  |TAMS 0x000000008bc00000, 0x000000008bc00000| Untracked 
| 189|0x000000008bd00000, 0x000000008bd00000, 0x000000008be00000|  0%| F|  |TAMS 0x000000008bd00000, 0x000000008bd00000| Untracked 
| 190|0x000000008be00000, 0x000000008be00000, 0x000000008bf00000|  0%| F|  |TAMS 0x000000008be00000, 0x000000008be00000| Untracked 
| 191|0x000000008bf00000, 0x000000008bf00000, 0x000000008c000000|  0%| F|  |TAMS 0x000000008bf00000, 0x000000008bf00000| Untracked 
| 192|0x000000008c000000, 0x000000008c000000, 0x000000008c100000|  0%| F|  |TAMS 0x000000008c000000, 0x000000008c000000| Untracked 
| 193|0x000000008c100000, 0x000000008c100000, 0x000000008c200000|  0%| F|  |TAMS 0x000000008c100000, 0x000000008c100000| Untracked 
| 194|0x000000008c200000, 0x000000008c200000, 0x000000008c300000|  0%| F|  |TAMS 0x000000008c200000, 0x000000008c200000| Untracked 
| 195|0x000000008c300000, 0x000000008c300000, 0x000000008c400000|  0%| F|  |TAMS 0x000000008c300000, 0x000000008c300000| Untracked 
| 196|0x000000008c400000, 0x000000008c400000, 0x000000008c500000|  0%| F|  |TAMS 0x000000008c400000, 0x000000008c400000| Untracked 
| 197|0x000000008c500000, 0x000000008c500000, 0x000000008c600000|  0%| F|  |TAMS 0x000000008c500000, 0x000000008c500000| Untracked 
| 198|0x000000008c600000, 0x000000008c600000, 0x000000008c700000|  0%| F|  |TAMS 0x000000008c600000, 0x000000008c600000| Untracked 
| 199|0x000000008c700000, 0x000000008c700000, 0x000000008c800000|  0%| F|  |TAMS 0x000000008c700000, 0x000000008c700000| Untracked 
| 200|0x000000008c800000, 0x000000008c800000, 0x000000008c900000|  0%| F|  |TAMS 0x000000008c800000, 0x000000008c800000| Untracked 
| 201|0x000000008c900000, 0x000000008c900000, 0x000000008ca00000|  0%| F|  |TAMS 0x000000008c900000, 0x000000008c900000| Untracked 
| 202|0x000000008ca00000, 0x000000008ca00000, 0x000000008cb00000|  0%| F|  |TAMS 0x000000008ca00000, 0x000000008ca00000| Untracked 
| 203|0x000000008cb00000, 0x000000008cb00000, 0x000000008cc00000|  0%| F|  |TAMS 0x000000008cb00000, 0x000000008cb00000| Untracked 
| 204|0x000000008cc00000, 0x000000008cc00000, 0x000000008cd00000|  0%| F|  |TAMS 0x000000008cc00000, 0x000000008cc00000| Untracked 
| 205|0x000000008cd00000, 0x000000008cd00000, 0x000000008ce00000|  0%| F|  |TAMS 0x000000008cd00000, 0x000000008cd00000| Untracked 
| 206|0x000000008ce00000, 0x000000008ce00000, 0x000000008cf00000|  0%| F|  |TAMS 0x000000008ce00000, 0x000000008ce00000| Untracked 
| 207|0x000000008cf00000, 0x000000008cf00000, 0x000000008d000000|  0%| F|  |TAMS 0x000000008cf00000, 0x000000008cf00000| Untracked 
| 208|0x000000008d000000, 0x000000008d000000, 0x000000008d100000|  0%| F|  |TAMS 0x000000008d000000, 0x000000008d000000| Untracked 
| 209|0x000000008d100000, 0x000000008d100000, 0x000000008d200000|  0%| F|  |TAMS 0x000000008d100000, 0x000000008d100000| Untracked 
| 210|0x000000008d200000, 0x000000008d200000, 0x000000008d300000|  0%| F|  |TAMS 0x000000008d200000, 0x000000008d200000| Untracked 
| 211|0x000000008d300000, 0x000000008d300000, 0x000000008d400000|  0%| F|  |TAMS 0x000000008d300000, 0x000000008d300000| Untracked 
| 212|0x000000008d400000, 0x000000008d400000, 0x000000008d500000|  0%| F|  |TAMS 0x000000008d400000, 0x000000008d400000| Untracked 
| 213|0x000000008d500000, 0x000000008d500000, 0x000000008d600000|  0%| F|  |TAMS 0x000000008d500000, 0x000000008d500000| Untracked 
| 214|0x000000008d600000, 0x000000008d600000, 0x000000008d700000|  0%| F|  |TAMS 0x000000008d600000, 0x000000008d600000| Untracked 
| 215|0x000000008d700000, 0x000000008d700000, 0x000000008d800000|  0%| F|  |TAMS 0x000000008d700000, 0x000000008d700000| Untracked 
| 216|0x000000008d800000, 0x000000008d800000, 0x000000008d900000|  0%| F|  |TAMS 0x000000008d800000, 0x000000008d800000| Untracked 
| 217|0x000000008d900000, 0x000000008d900000, 0x000000008da00000|  0%| F|  |TAMS 0x000000008d900000, 0x000000008d900000| Untracked 
| 218|0x000000008da00000, 0x000000008da00000, 0x000000008db00000|  0%| F|  |TAMS 0x000000008da00000, 0x000000008da00000| Untracked 
| 219|0x000000008db00000, 0x000000008db00000, 0x000000008dc00000|  0%| F|  |TAMS 0x000000008db00000, 0x000000008db00000| Untracked 
| 220|0x000000008dc00000, 0x000000008dc00000, 0x000000008dd00000|  0%| F|  |TAMS 0x000000008dc00000, 0x000000008dc00000| Untracked 
| 221|0x000000008dd00000, 0x000000008dd00000, 0x000000008de00000|  0%| F|  |TAMS 0x000000008dd00000, 0x000000008dd00000| Untracked 
| 222|0x000000008de00000, 0x000000008de00000, 0x000000008df00000|  0%| F|  |TAMS 0x000000008de00000, 0x000000008de00000| Untracked 
| 223|0x000000008df00000, 0x000000008df00000, 0x000000008e000000|  0%| F|  |TAMS 0x000000008df00000, 0x000000008df00000| Untracked 
| 224|0x000000008e000000, 0x000000008e000000, 0x000000008e100000|  0%| F|  |TAMS 0x000000008e000000, 0x000000008e000000| Untracked 
| 225|0x000000008e100000, 0x000000008e100000, 0x000000008e200000|  0%| F|  |TAMS 0x000000008e100000, 0x000000008e100000| Untracked 
| 226|0x000000008e200000, 0x000000008e200000, 0x000000008e300000|  0%| F|  |TAMS 0x000000008e200000, 0x000000008e200000| Untracked 
| 227|0x000000008e300000, 0x000000008e300000, 0x000000008e400000|  0%| F|  |TAMS 0x000000008e300000, 0x000000008e300000| Untracked 
| 228|0x000000008e400000, 0x000000008e400000, 0x000000008e500000|  0%| F|  |TAMS 0x000000008e400000, 0x000000008e400000| Untracked 
| 229|0x000000008e500000, 0x000000008e500000, 0x000000008e600000|  0%| F|  |TAMS 0x000000008e500000, 0x000000008e500000| Untracked 
| 230|0x000000008e600000, 0x000000008e600000, 0x000000008e700000|  0%| F|  |TAMS 0x000000008e600000, 0x000000008e600000| Untracked 
| 231|0x000000008e700000, 0x000000008e700000, 0x000000008e800000|  0%| F|  |TAMS 0x000000008e700000, 0x000000008e700000| Untracked 
| 232|0x000000008e800000, 0x000000008e800000, 0x000000008e900000|  0%| F|  |TAMS 0x000000008e800000, 0x000000008e800000| Untracked 
| 233|0x000000008e900000, 0x000000008e900000, 0x000000008ea00000|  0%| F|  |TAMS 0x000000008e900000, 0x000000008e900000| Untracked 
| 234|0x000000008ea00000, 0x000000008ea00000, 0x000000008eb00000|  0%| F|  |TAMS 0x000000008ea00000, 0x000000008ea00000| Untracked 
| 235|0x000000008eb00000, 0x000000008eb00000, 0x000000008ec00000|  0%| F|  |TAMS 0x000000008eb00000, 0x000000008eb00000| Untracked 
| 236|0x000000008ec00000, 0x000000008ec00000, 0x000000008ed00000|  0%| F|  |TAMS 0x000000008ec00000, 0x000000008ec00000| Untracked 
| 237|0x000000008ed00000, 0x000000008ed00000, 0x000000008ee00000|  0%| F|  |TAMS 0x000000008ed00000, 0x000000008ed00000| Untracked 
| 238|0x000000008ee00000, 0x000000008ee00000, 0x000000008ef00000|  0%| F|  |TAMS 0x000000008ee00000, 0x000000008ee00000| Untracked 
| 239|0x000000008ef00000, 0x000000008ef00000, 0x000000008f000000|  0%| F|  |TAMS 0x000000008ef00000, 0x000000008ef00000| Untracked 
| 240|0x000000008f000000, 0x000000008f000000, 0x000000008f100000|  0%| F|  |TAMS 0x000000008f000000, 0x000000008f000000| Untracked 
| 241|0x000000008f100000, 0x000000008f100000, 0x000000008f200000|  0%| F|  |TAMS 0x000000008f100000, 0x000000008f100000| Untracked 
| 242|0x000000008f200000, 0x000000008f200000, 0x000000008f300000|  0%| F|  |TAMS 0x000000008f200000, 0x000000008f200000| Untracked 
| 243|0x000000008f300000, 0x000000008f300000, 0x000000008f400000|  0%| F|  |TAMS 0x000000008f300000, 0x000000008f300000| Untracked 
| 244|0x000000008f400000, 0x000000008f400000, 0x000000008f500000|  0%| F|  |TAMS 0x000000008f400000, 0x000000008f400000| Untracked 
| 245|0x000000008f500000, 0x000000008f500000, 0x000000008f600000|  0%| F|  |TAMS 0x000000008f500000, 0x000000008f500000| Untracked 
| 246|0x000000008f600000, 0x000000008f600000, 0x000000008f700000|  0%| F|  |TAMS 0x000000008f600000, 0x000000008f600000| Untracked 
| 247|0x000000008f700000, 0x000000008f700000, 0x000000008f800000|  0%| F|  |TAMS 0x000000008f700000, 0x000000008f700000| Untracked 
| 248|0x000000008f800000, 0x000000008f800000, 0x000000008f900000|  0%| F|  |TAMS 0x000000008f800000, 0x000000008f800000| Untracked 
| 249|0x000000008f900000, 0x000000008f900000, 0x000000008fa00000|  0%| F|  |TAMS 0x000000008f900000, 0x000000008f900000| Untracked 
| 250|0x000000008fa00000, 0x000000008fa00000, 0x000000008fb00000|  0%| F|  |TAMS 0x000000008fa00000, 0x000000008fa00000| Untracked 
| 251|0x000000008fb00000, 0x000000008fb00000, 0x000000008fc00000|  0%| F|  |TAMS 0x000000008fb00000, 0x000000008fb00000| Untracked 
| 252|0x000000008fc00000, 0x000000008fc00000, 0x000000008fd00000|  0%| F|  |TAMS 0x000000008fc00000, 0x000000008fc00000| Untracked 
| 253|0x000000008fd00000, 0x000000008fd00000, 0x000000008fe00000|  0%| F|  |TAMS 0x000000008fd00000, 0x000000008fd00000| Untracked 
| 254|0x000000008fe00000, 0x000000008fe00000, 0x000000008ff00000|  0%| F|  |TAMS 0x000000008fe00000, 0x000000008fe00000| Untracked 
| 255|0x000000008ff00000, 0x000000008ff00000, 0x0000000090000000|  0%| F|  |TAMS 0x000000008ff00000, 0x000000008ff00000| Untracked 

Card table byte_map: [0x00000191f73b0000,0x00000191f77b0000] _byte_map_base: 0x00000191f6fb0000

Marking Bits (Prev, Next): (CMBitMap*) 0x00000191e2927630, (CMBitMap*) 0x00000191e2927670
 Prev Bits: [0x00000191f7bb0000, 0x00000191f9bb0000)
 Next Bits: [0x00000191f9bb0000, 0x00000191fbbb0000)

Polling page: 0x00000191e2730000

Metaspace:

Usage:
  Non-class:     89.55 MB used.
      Class:     13.82 MB used.
       Both:    103.37 MB used.

Virtual space:
  Non-class space:       96.00 MB reserved,      89.88 MB ( 94%) committed,  12 nodes.
      Class space:        1.00 GB reserved,      14.19 MB (  1%) committed,  1 nodes.
             Both:        1.09 GB reserved,     104.06 MB (  9%) committed. 

Chunk freelists:
   Non-Class:  1.89 MB
       Class:  1.72 MB
        Both:  3.61 MB

MaxMetaspaceSize: unlimited
CompressedClassSpaceSize: 1.00 GB
Initial GC threshold: 21.00 MB
Current GC threshold: 168.25 MB
CDS: off
MetaspaceReclaimPolicy: balanced
 - commit_granule_bytes: 65536.
 - commit_granule_words: 8192.
 - virtual_space_node_default_size: 1048576.
 - enlarge_chunks_in_place: 1.
 - new_chunks_are_fully_committed: 0.
 - uncommit_free_chunks: 1.
 - use_allocation_guard: 0.
 - handle_deallocations: 1.


Internal statistics:

num_allocs_failed_limit: 6.
num_arena_births: 1054.
num_arena_deaths: 14.
num_vsnodes_births: 13.
num_vsnodes_deaths: 0.
num_space_committed: 1664.
num_space_uncommitted: 0.
num_chunks_returned_to_freelist: 25.
num_chunks_taken_from_freelist: 5004.
num_chunk_merges: 14.
num_chunk_splits: 3327.
num_chunks_enlarged: 2231.
num_purges: 2.
num_inconsistent_stats: 0.

CodeHeap 'non-profiled nmethods': size=120000Kb used=7748Kb max_used=8127Kb free=112252Kb
 bounds [0x00000191ef010000, 0x00000191ef810000, 0x00000191f6540000]
CodeHeap 'profiled nmethods': size=120000Kb used=24022Kb max_used=25756Kb free=95978Kb
 bounds [0x00000191e7540000, 0x00000191e8e70000, 0x00000191eea70000]
CodeHeap 'non-nmethods': size=5760Kb used=2413Kb max_used=2514Kb free=3346Kb
 bounds [0x00000191eea70000, 0x00000191eed00000, 0x00000191ef010000]
 total_blobs=13252 nmethods=12302 adapters=862
 compilation: enabled
              stopped_count=0, restarted_count=0
 full_count=0

Compilation events (20 events):
Event: 16.494 Thread 0x00000191ff0a3560 14665       3       org.jetbrains.kotlin.name.FqNameUnsafe::<init> (18 bytes)
Event: 16.494 Thread 0x00000191ff0a3560 nmethod 14665 0x00000191e8001890 code [0x00000191e8001a40, 0x00000191e8001c68]
Event: 16.494 Thread 0x00000191ff0a3560 14666       3       org.jetbrains.kotlin.name.ClassId::<init> (90 bytes)
Event: 16.494 Thread 0x00000191ff0a3560 nmethod 14666 0x00000191e7e64a10 code [0x00000191e7e64be0, 0x00000191e7e64f18]
Event: 16.494 Thread 0x00000191ff0a3560 14667       3       org.jetbrains.kotlin.name.Name::guessByFirstCharacter (28 bytes)
Event: 16.495 Thread 0x0000019184b5fb10 nmethod 14618 0x00000191ef523710 code [0x00000191ef5238a0, 0x00000191ef524178]
Event: 16.495 Thread 0x00000191ff0a3560 nmethod 14667 0x00000191e7964710 code [0x00000191e7964920, 0x00000191e7964e88]
Event: 16.495 Thread 0x00000191ff0a3560 14659       3       org.gradle.internal.execution.steps.PreviousExecutionContext::<init> (17 bytes)
Event: 16.495 Thread 0x0000019184b5fb10 14660       4       org.jetbrains.org.objectweb.asm.ClassReader::readField (667 bytes)
Event: 16.496 Thread 0x00000191ff0a3560 nmethod 14659 0x00000191e7e56610 code [0x00000191e7e56800, 0x00000191e7e56ee8]
Event: 16.496 Thread 0x00000191ff0a3560 14577       3       org.jetbrains.org.objectweb.asm.ClassReader::<init> (9 bytes)
Event: 16.496 Thread 0x00000191ff0a3560 nmethod 14577 0x00000191e7cba890 code [0x00000191e7cbaa40, 0x00000191e7cbabe8]
Event: 16.496 Thread 0x00000191ff0a3560 14562       1       org.jetbrains.org.objectweb.asm.tree.InsnList::size (5 bytes)
Event: 16.496 Thread 0x00000191ff0a3560 nmethod 14562 0x00000191ef479f10 code [0x00000191ef47a0a0, 0x00000191ef47a178]
Event: 16.496 Thread 0x00000191ff0a3560 14564       1       org.jetbrains.org.objectweb.asm.MethodWriter::hasAsmInstructions (5 bytes)
Event: 16.496 Thread 0x00000191ff0a3560 nmethod 14564 0x00000191ef58f610 code [0x00000191ef58f7a0, 0x00000191ef58f878]
Event: 16.496 Thread 0x00000191ff0a3560 14595       1       org.jetbrains.kotlin.incremental.classpathDiff.ClassFileWithContents::getClassFile (5 bytes)
Event: 16.496 Thread 0x00000191ff0a3560 nmethod 14595 0x00000191ef58f310 code [0x00000191ef58f4a0, 0x00000191ef58f578]
Event: 16.496 Thread 0x00000191ff0a3560 14596       1       org.jetbrains.kotlin.incremental.classpathDiff.ClassFile::getUnixStyleRelativePath (5 bytes)
Event: 16.496 Thread 0x00000191ff0a3560 nmethod 14596 0x00000191ef58ef90 code [0x00000191ef58f120, 0x00000191ef58f1f8]

GC Heap History (20 events):
Event: 9.353 GC heap after
{Heap after GC invocations=33 (full 0):
 garbage-first heap   total 232448K, used 73014K [0x0000000080000000, 0x0000000100000000)
  region size 1024K, 11 young (11264K), 11 survivors (11264K)
 Metaspace       used 83276K, committed 83840K, reserved 1122304K
  class space    used 11296K, committed 11584K, reserved 1048576K
}
Event: 9.365 GC heap before
{Heap before GC invocations=33 (full 0):
 garbage-first heap   total 232448K, used 74038K [0x0000000080000000, 0x0000000100000000)
  region size 1024K, 12 young (12288K), 11 survivors (11264K)
 Metaspace       used 83421K, committed 83968K, reserved 1122304K
  class space    used 11312K, committed 11584K, reserved 1048576K
}
Event: 9.370 GC heap after
{Heap after GC invocations=34 (full 0):
 garbage-first heap   total 232448K, used 74080K [0x0000000080000000, 0x0000000100000000)
  region size 1024K, 2 young (2048K), 2 survivors (2048K)
 Metaspace       used 83421K, committed 83968K, reserved 1122304K
  class space    used 11312K, committed 11584K, reserved 1048576K
}
Event: 10.327 GC heap before
{Heap before GC invocations=34 (full 0):
 garbage-first heap   total 232448K, used 178528K [0x0000000080000000, 0x0000000100000000)
  region size 1024K, 104 young (106496K), 2 survivors (2048K)
 Metaspace       used 91321K, committed 91904K, reserved 1130496K
  class space    used 12436K, committed 12672K, reserved 1048576K
}
Event: 10.337 GC heap after
{Heap after GC invocations=35 (full 0):
 garbage-first heap   total 232448K, used 82832K [0x0000000080000000, 0x0000000100000000)
  region size 1024K, 11 young (11264K), 11 survivors (11264K)
 Metaspace       used 91321K, committed 91904K, reserved 1130496K
  class space    used 12436K, committed 12672K, reserved 1048576K
}
Event: 11.118 GC heap before
{Heap before GC invocations=36 (full 0):
 garbage-first heap   total 232448K, used 179088K [0x0000000080000000, 0x0000000100000000)
  region size 1024K, 106 young (108544K), 11 survivors (11264K)
 Metaspace       used 94071K, committed 94784K, reserved 1130496K
  class space    used 12941K, committed 13312K, reserved 1048576K
}
Event: 11.130 GC heap after
{Heap after GC invocations=37 (full 0):
 garbage-first heap   total 232448K, used 92920K [0x0000000080000000, 0x0000000100000000)
  region size 1024K, 10 young (10240K), 10 survivors (10240K)
 Metaspace       used 94071K, committed 94784K, reserved 1130496K
  class space    used 12941K, committed 13312K, reserved 1048576K
}
Event: 11.907 GC heap before
{Heap before GC invocations=37 (full 0):
 garbage-first heap   total 232448K, used 182008K [0x0000000080000000, 0x0000000100000000)
  region size 1024K, 98 young (100352K), 10 survivors (10240K)
 Metaspace       used 97895K, committed 98560K, reserved 1138688K
  class space    used 13317K, committed 13632K, reserved 1048576K
}
Event: 11.916 GC heap after
{Heap after GC invocations=38 (full 0):
 garbage-first heap   total 232448K, used 99119K [0x0000000080000000, 0x0000000100000000)
  region size 1024K, 7 young (7168K), 7 survivors (7168K)
 Metaspace       used 97895K, committed 98560K, reserved 1138688K
  class space    used 13317K, committed 13632K, reserved 1048576K
}
Event: 12.509 GC heap before
{Heap before GC invocations=39 (full 0):
 garbage-first heap   total 232448K, used 185135K [0x0000000080000000, 0x0000000100000000)
  region size 1024K, 92 young (94208K), 7 survivors (7168K)
 Metaspace       used 99554K, committed 100224K, reserved 1138688K
  class space    used 13562K, committed 13888K, reserved 1048576K
}
Event: 12.517 GC heap after
{Heap after GC invocations=40 (full 0):
 garbage-first heap   total 232448K, used 104490K [0x0000000080000000, 0x0000000100000000)
  region size 1024K, 12 young (12288K), 12 survivors (12288K)
 Metaspace       used 99554K, committed 100224K, reserved 1138688K
  class space    used 13562K, committed 13888K, reserved 1048576K
}
Event: 12.525 GC heap before
{Heap before GC invocations=40 (full 0):
 garbage-first heap   total 232448K, used 105514K [0x0000000080000000, 0x0000000100000000)
  region size 1024K, 13 young (13312K), 12 survivors (12288K)
 Metaspace       used 99574K, committed 100224K, reserved 1138688K
  class space    used 13566K, committed 13888K, reserved 1048576K
}
Event: 12.531 GC heap after
{Heap after GC invocations=41 (full 0):
 garbage-first heap   total 232448K, used 103931K [0x0000000080000000, 0x0000000100000000)
  region size 1024K, 2 young (2048K), 2 survivors (2048K)
 Metaspace       used 99574K, committed 100224K, reserved 1138688K
  class space    used 13566K, committed 13888K, reserved 1048576K
}
Event: 14.191 GC heap before
{Heap before GC invocations=41 (full 0):
 garbage-first heap   total 232448K, used 186875K [0x0000000080000000, 0x0000000100000000)
  region size 1024K, 84 young (86016K), 2 survivors (2048K)
 Metaspace       used 102630K, committed 103360K, reserved 1138688K
  class space    used 13808K, committed 14144K, reserved 1048576K
}
Event: 14.194 GC heap after
{Heap after GC invocations=42 (full 0):
 garbage-first heap   total 232448K, used 105581K [0x0000000080000000, 0x0000000100000000)
  region size 1024K, 4 young (4096K), 4 survivors (4096K)
 Metaspace       used 102630K, committed 103360K, reserved 1138688K
  class space    used 13808K, committed 14144K, reserved 1048576K
}
Event: 16.153 GC heap before
{Heap before GC invocations=43 (full 0):
 garbage-first heap   total 232448K, used 188525K [0x0000000080000000, 0x0000000100000000)
  region size 1024K, 86 young (88064K), 4 survivors (4096K)
 Metaspace       used 104066K, committed 104832K, reserved 1146880K
  class space    used 13964K, committed 14336K, reserved 1048576K
}
Event: 16.160 GC heap after
{Heap after GC invocations=44 (full 0):
 garbage-first heap   total 232448K, used 110926K [0x0000000080000000, 0x0000000100000000)
  region size 1024K, 9 young (9216K), 9 survivors (9216K)
 Metaspace       used 104066K, committed 104832K, reserved 1146880K
  class space    used 13964K, committed 14336K, reserved 1048576K
}
Event: 16.165 GC heap before
{Heap before GC invocations=44 (full 0):
 garbage-first heap   total 232448K, used 112974K [0x0000000080000000, 0x0000000100000000)
  region size 1024K, 11 young (11264K), 9 survivors (9216K)
 Metaspace       used 104070K, committed 104832K, reserved 1146880K
  class space    used 13964K, committed 14336K, reserved 1048576K
}
Event: 16.171 GC heap after
{Heap after GC invocations=45 (full 0):
 garbage-first heap   total 232448K, used 112515K [0x0000000080000000, 0x0000000100000000)
  region size 1024K, 2 young (2048K), 2 survivors (2048K)
 Metaspace       used 104070K, committed 104832K, reserved 1146880K
  class space    used 13964K, committed 14336K, reserved 1048576K
}
Event: 16.497 GC heap before
{Heap before GC invocations=45 (full 0):
 garbage-first heap   total 232448K, used 189315K [0x0000000080000000, 0x0000000100000000)
  region size 1024K, 78 young (79872K), 2 survivors (2048K)
 Metaspace       used 105847K, committed 106560K, reserved 1146880K
  class space    used 14151K, committed 14528K, reserved 1048576K
}

Dll operation events (2 events):
Event: 0.013 Loaded shared library C:\Program Files\Android\Android Studio\jbr\bin\java.dll
Event: 0.392 Loaded shared library C:\Program Files\Android\Android Studio\jbr\bin\verify.dll

Deoptimization events (20 events):
Event: 16.416 Thread 0x0000019181ec98b0 DEOPT PACKING pc=0x00000191e759a13b sp=0x000000571dbfad70
Event: 16.416 Thread 0x0000019181ec98b0 DEOPT UNPACKING pc=0x00000191eeac7143 sp=0x000000571dbfa1e0 mode 0
Event: 16.416 Thread 0x0000019181ec98b0 DEOPT PACKING pc=0x00000191e759a13b sp=0x000000571dbfad70
Event: 16.416 Thread 0x0000019181ec98b0 DEOPT UNPACKING pc=0x00000191eeac7143 sp=0x000000571dbfa1e0 mode 0
Event: 16.417 Thread 0x0000019181ec98b0 DEOPT PACKING pc=0x00000191e759a13b sp=0x000000571dbfad70
Event: 16.417 Thread 0x0000019181ec98b0 DEOPT UNPACKING pc=0x00000191eeac7143 sp=0x000000571dbfa1e0 mode 0
Event: 16.417 Thread 0x0000019181ec98b0 DEOPT PACKING pc=0x00000191e759a13b sp=0x000000571dbfad70
Event: 16.417 Thread 0x0000019181ec98b0 DEOPT UNPACKING pc=0x00000191eeac7143 sp=0x000000571dbfa1e0 mode 0
Event: 16.418 Thread 0x0000019181ec98b0 DEOPT PACKING pc=0x00000191e759a13b sp=0x000000571dbfad70
Event: 16.418 Thread 0x0000019181ec98b0 DEOPT UNPACKING pc=0x00000191eeac7143 sp=0x000000571dbfa1e0 mode 0
Event: 16.418 Thread 0x0000019181ec98b0 DEOPT PACKING pc=0x00000191e759a13b sp=0x000000571dbfad70
Event: 16.418 Thread 0x0000019181ec98b0 DEOPT UNPACKING pc=0x00000191eeac7143 sp=0x000000571dbfa1e0 mode 0
Event: 16.418 Thread 0x0000019181ec98b0 DEOPT PACKING pc=0x00000191e759a13b sp=0x000000571dbfad70
Event: 16.418 Thread 0x0000019181ec98b0 DEOPT UNPACKING pc=0x00000191eeac7143 sp=0x000000571dbfa1e0 mode 0
Event: 16.419 Thread 0x0000019181ec98b0 DEOPT PACKING pc=0x00000191e759a13b sp=0x000000571dbfad70
Event: 16.419 Thread 0x0000019181ec98b0 DEOPT UNPACKING pc=0x00000191eeac7143 sp=0x000000571dbfa1e0 mode 0
Event: 16.419 Thread 0x0000019181ec98b0 DEOPT PACKING pc=0x00000191e759a13b sp=0x000000571dbfad70
Event: 16.419 Thread 0x0000019181ec98b0 DEOPT UNPACKING pc=0x00000191eeac7143 sp=0x000000571dbfa1e0 mode 0
Event: 16.419 Thread 0x0000019181ec98b0 DEOPT PACKING pc=0x00000191e759a13b sp=0x000000571dbfad70
Event: 16.419 Thread 0x0000019181ec98b0 DEOPT UNPACKING pc=0x00000191eeac7143 sp=0x000000571dbfa1e0 mode 0

Classes unloaded (7 events):
Event: 14.294 Thread 0x00000191fe6bf240 Unloading class 0x0000000100d11c00 'java/lang/invoke/LambdaForm$DMH+0x0000000100d11c00'
Event: 14.294 Thread 0x00000191fe6bf240 Unloading class 0x0000000100d11800 'java/lang/invoke/LambdaForm$DMH+0x0000000100d11800'
Event: 14.294 Thread 0x00000191fe6bf240 Unloading class 0x0000000100d10800 'java/lang/invoke/LambdaForm$DMH+0x0000000100d10800'
Event: 14.294 Thread 0x00000191fe6bf240 Unloading class 0x0000000100d10000 'java/lang/invoke/LambdaForm$DMH+0x0000000100d10000'
Event: 14.294 Thread 0x00000191fe6bf240 Unloading class 0x0000000100d11400 'java/lang/invoke/LambdaForm$DMH+0x0000000100d11400'
Event: 14.294 Thread 0x00000191fe6bf240 Unloading class 0x0000000100d11000 'java/lang/invoke/LambdaForm$DMH+0x0000000100d11000'
Event: 14.294 Thread 0x00000191fe6bf240 Unloading class 0x0000000100d10c00 'java/lang/invoke/LambdaForm$DMH+0x0000000100d10c00'

Classes redefined (0 events):
No events

Internal exceptions (20 events):
Event: 14.539 Thread 0x00000191825d0a70 Exception <a 'java/lang/NoSuchMethodError'{0x000000008c5f8048}: static Lcom/android/builder/internal/aapt/AaptOptions;.<clinit>()V> (0x000000008c5f8048) 
thrown [s\src\hotspot\share\prims\jni.cpp, line 1108]
Event: 14.541 Thread 0x00000191825d0a70 Exception <a 'java/lang/NoSuchMethodError'{0x000000008c40ba58}: static Ljava/lang/Object;.<clinit>()V> (0x000000008c40ba58) 
thrown [s\src\hotspot\share\prims\jni.cpp, line 1108]
Event: 14.542 Thread 0x00000191825d0a70 Exception <a 'java/lang/NoSuchMethodError'{0x000000008c42c138}: static Lcom/android/build/api/variant/impl/VariantOutputImpl$SerializedForm;.<clinit>()V> (0x000000008c42c138) 
thrown [s\src\hotspot\share\prims\jni.cpp, line 1108]
Event: 14.543 Thread 0x00000191825d0a70 Exception <a 'java/lang/NoSuchMethodError'{0x000000008c43e968}: static Lcom/android/build/api/variant/impl/VariantOutputConfigurationImpl;.<clinit>()V> (0x000000008c43e968) 
thrown [s\src\hotspot\share\prims\jni.cpp, line 1108]
Event: 14.587 Thread 0x00000191825caa30 Exception <a 'java/lang/NoSuchMethodError'{0x000000008c1e9330}: static Lcom/android/ide/common/resources/MergedAssetWriter$AssetWorkAction;.<clinit>()V> (0x000000008c1e9330) 
thrown [s\src\hotspot\share\prims\jni.cpp, line 1108]
Event: 14.601 Thread 0x00000191825caa30 Exception <a 'sun/nio/fs/WindowsException'{0x000000008c06e5a8}> (0x000000008c06e5a8) 
thrown [s\src\hotspot\share\prims\jni.cpp, line 517]
Event: 14.711 Thread 0x000001918b0395a0 Exception <a 'java/lang/NoSuchMethodError'{0x000000008b20e150}: 'int java.lang.invoke.DirectMethodHandle$Holder.invokeSpecialIFC(java.lang.Object, java.lang.Object, java.lang.Object)'> (0x000000008b20e150) 
thrown [s\src\hotspot\share\interpreter\linkResolver.cpp, line 771]
Event: 14.831 Thread 0x00000191825caa30 Exception <a 'sun/nio/fs/WindowsException'{0x000000008a716418}> (0x000000008a716418) 
thrown [s\src\hotspot\share\prims\jni.cpp, line 517]
Event: 14.859 Thread 0x00000191825caa30 Exception <a 'sun/nio/fs/WindowsException'{0x000000008a77fef0}> (0x000000008a77fef0) 
thrown [s\src\hotspot\share\prims\jni.cpp, line 517]
Event: 14.859 Thread 0x00000191825caa30 Exception <a 'sun/nio/fs/WindowsException'{0x000000008a781018}> (0x000000008a781018) 
thrown [s\src\hotspot\share\prims\jni.cpp, line 517]
Event: 14.859 Thread 0x00000191825caa30 Exception <a 'sun/nio/fs/WindowsException'{0x000000008a781088}> (0x000000008a781088) 
thrown [s\src\hotspot\share\prims\jni.cpp, line 517]
Event: 14.859 Thread 0x00000191825caa30 Exception <a 'sun/nio/fs/WindowsException'{0x000000008a781418}> (0x000000008a781418) 
thrown [s\src\hotspot\share\prims\jni.cpp, line 517]
Event: 14.860 Thread 0x00000191825caa30 Exception <a 'sun/nio/fs/WindowsException'{0x000000008a783718}> (0x000000008a783718) 
thrown [s\src\hotspot\share\prims\jni.cpp, line 517]
Event: 14.873 Thread 0x00000191825caa30 Exception <a 'sun/nio/fs/WindowsException'{0x000000008a7be490}> (0x000000008a7be490) 
thrown [s\src\hotspot\share\prims\jni.cpp, line 517]
Event: 14.873 Thread 0x00000191825caa30 Exception <a 'sun/nio/fs/WindowsException'{0x000000008a7bf5d8}> (0x000000008a7bf5d8) 
thrown [s\src\hotspot\share\prims\jni.cpp, line 517]
Event: 14.874 Thread 0x00000191825caa30 Exception <a 'sun/nio/fs/WindowsException'{0x000000008a7bf648}> (0x000000008a7bf648) 
thrown [s\src\hotspot\share\prims\jni.cpp, line 517]
Event: 14.874 Thread 0x00000191825caa30 Exception <a 'sun/nio/fs/WindowsException'{0x000000008a7bfa38}> (0x000000008a7bfa38) 
thrown [s\src\hotspot\share\prims\jni.cpp, line 517]
Event: 16.183 Thread 0x000001918b0395a0 Exception <a 'sun/nio/fs/WindowsException'{0x000000008dc0a9a0}> (0x000000008dc0a9a0) 
thrown [s\src\hotspot\share\prims\jni.cpp, line 517]
Event: 16.184 Thread 0x000001918b0395a0 Exception <a 'sun/nio/fs/WindowsException'{0x000000008dc0aa40}> (0x000000008dc0aa40) 
thrown [s\src\hotspot\share\prims\jni.cpp, line 517]
Event: 16.184 Thread 0x000001918b0395a0 Exception <a 'sun/nio/fs/WindowsException'{0x000000008dc0ae30}> (0x000000008dc0ae30) 
thrown [s\src\hotspot\share\prims\jni.cpp, line 517]

VM Operations (20 events):
Event: 16.148 Executing VM operation: HandshakeAllThreads done
Event: 16.153 Executing VM operation: G1CollectForAllocation
Event: 16.160 Executing VM operation: G1CollectForAllocation done
Event: 16.165 Executing VM operation: G1CollectForAllocation
Event: 16.171 Executing VM operation: G1CollectForAllocation done
Event: 16.266 Executing VM operation: HandshakeAllThreads
Event: 16.266 Executing VM operation: HandshakeAllThreads done
Event: 16.283 Executing VM operation: ICBufferFull
Event: 16.283 Executing VM operation: ICBufferFull done
Event: 16.288 Executing VM operation: HandshakeAllThreads
Event: 16.289 Executing VM operation: HandshakeAllThreads done
Event: 16.402 Executing VM operation: HandshakeAllThreads
Event: 16.402 Executing VM operation: HandshakeAllThreads done
Event: 16.404 Executing VM operation: HandshakeAllThreads
Event: 16.405 Executing VM operation: HandshakeAllThreads done
Event: 16.428 Executing VM operation: HandshakeAllThreads
Event: 16.428 Executing VM operation: HandshakeAllThreads done
Event: 16.454 Executing VM operation: ICBufferFull
Event: 16.454 Executing VM operation: ICBufferFull done
Event: 16.496 Executing VM operation: G1CollectForAllocation

Events (20 events):
Event: 16.429 Thread 0x00000191ff0b6720 flushing nmethod 0x00000191e8ddcf90
Event: 16.429 Thread 0x00000191ff0b6720 flushing nmethod 0x00000191e8dddd90
Event: 16.429 Thread 0x00000191ff0b6720 flushing nmethod 0x00000191e8de0310
Event: 16.429 Thread 0x00000191ff0b6720 flushing nmethod 0x00000191e8de1390
Event: 16.429 Thread 0x00000191ff0b6720 flushing nmethod 0x00000191e8de2790
Event: 16.429 Thread 0x00000191ff0b6720 flushing nmethod 0x00000191e8de4810
Event: 16.429 Thread 0x00000191ff0b6720 flushing nmethod 0x00000191e8de8710
Event: 16.429 Thread 0x00000191ff0b6720 flushing nmethod 0x00000191e8df0790
Event: 16.429 Thread 0x00000191ff0b6720 flushing nmethod 0x00000191e8df7310
Event: 16.429 Thread 0x00000191ff0b6720 flushing nmethod 0x00000191e8e08990
Event: 16.429 Thread 0x00000191ff0b6720 flushing nmethod 0x00000191e8e08d90
Event: 16.429 Thread 0x00000191ff0b6720 flushing nmethod 0x00000191e8e09a10
Event: 16.429 Thread 0x00000191ff0b6720 flushing nmethod 0x00000191e8e0b290
Event: 16.429 Thread 0x00000191ff0b6720 flushing nmethod 0x00000191e8e0ba90
Event: 16.429 Thread 0x00000191ff0b6720 flushing nmethod 0x00000191e8e0bf90
Event: 16.429 Thread 0x00000191ff0b6720 flushing nmethod 0x00000191e8e25d10
Event: 16.429 Thread 0x00000191ff0b6720 flushing nmethod 0x00000191e8e2a010
Event: 16.429 Thread 0x00000191ff0b6720 flushing nmethod 0x00000191e8e2b890
Event: 16.455 loading class java/io/UTFDataFormatException
Event: 16.455 loading class java/io/UTFDataFormatException done


Dynamic libraries:
0x00007ff795b90000 - 0x00007ff795b9a000 	C:\Program Files\Android\Android Studio\jbr\bin\java.exe
0x00007ffeb0390000 - 0x00007ffeb057d000 	C:\WINDOWS\SYSTEM32\ntdll.dll
0x00007ffeb0190000 - 0x00007ffeb0243000 	C:\WINDOWS\System32\KERNEL32.DLL
0x00007ffeac680000 - 0x00007ffeac915000 	C:\WINDOWS\System32\KERNELBASE.dll
0x000000006ca80000 - 0x000000006cb1c000 	C:\ProgramData\Symantec\Symantec Endpoint Protection\14.3.8296.5000.105\Data\Sysfer\x64\sysfer.dll
0x00007ffeac9a0000 - 0x00007ffeaca9a000 	C:\WINDOWS\System32\ucrtbase.dll
0x00007ffea07f0000 - 0x00007ffea0807000 	C:\Program Files\Android\Android Studio\jbr\bin\jli.dll
0x00007ffea0590000 - 0x00007ffea05ab000 	C:\Program Files\Android\Android Studio\jbr\bin\VCRUNTIME140.dll
0x00007ffeafff0000 - 0x00007ffeb0187000 	C:\WINDOWS\System32\USER32.dll
0x00007ffead330000 - 0x00007ffead350000 	C:\WINDOWS\System32\win32u.dll
0x00007ffeaffc0000 - 0x00007ffeaffe9000 	C:\WINDOWS\System32\GDI32.dll
0x00007ffe9d7a0000 - 0x00007ffe9da19000 	C:\WINDOWS\WinSxS\amd64_microsoft.windows.common-controls_6595b64144ccf1df_6.0.17763.1577_none_de7444545348a3d0\COMCTL32.dll
0x00007ffeac440000 - 0x00007ffeac5dc000 	C:\WINDOWS\System32\gdi32full.dll
0x00007ffeadb80000 - 0x00007ffeadc1e000 	C:\WINDOWS\System32\msvcrt.dll
0x00007ffeac5e0000 - 0x00007ffeac680000 	C:\WINDOWS\System32\msvcp_win.dll
0x00007ffeae040000 - 0x00007ffeae36d000 	C:\WINDOWS\System32\combase.dll
0x00007ffeadc20000 - 0x00007ffeadd42000 	C:\WINDOWS\System32\RPCRT4.dll
0x00007ffeac920000 - 0x00007ffeac99e000 	C:\WINDOWS\System32\bcryptPrimitives.dll
0x00007ffeae010000 - 0x00007ffeae03e000 	C:\WINDOWS\System32\IMM32.DLL
0x00007ffea7790000 - 0x00007ffea779c000 	C:\Program Files\Android\Android Studio\jbr\bin\vcruntime140_1.dll
0x00007ffe98b90000 - 0x00007ffe98c1d000 	C:\Program Files\Android\Android Studio\jbr\bin\msvcp140.dll
0x00007ffe5c920000 - 0x00007ffe5d58d000 	C:\Program Files\Android\Android Studio\jbr\bin\server\jvm.dll
0x00007ffeaff10000 - 0x00007ffeaffb3000 	C:\WINDOWS\System32\ADVAPI32.dll
0x00007ffeadf70000 - 0x00007ffeae00e000 	C:\WINDOWS\System32\sechost.dll
0x00007ffe9b770000 - 0x00007ffe9b779000 	C:\WINDOWS\SYSTEM32\WSOCK32.dll
0x00007ffeae370000 - 0x00007ffeae3dd000 	C:\WINDOWS\System32\WS2_32.dll
0x00007ffeaa550000 - 0x00007ffeaa574000 	C:\WINDOWS\SYSTEM32\WINMM.dll
0x00007ffea51f0000 - 0x00007ffea51fa000 	C:\WINDOWS\SYSTEM32\VERSION.dll
0x00007ffeaa520000 - 0x00007ffeaa54d000 	C:\WINDOWS\SYSTEM32\WINMMBASE.dll
0x00007ffead380000 - 0x00007ffead3ca000 	C:\WINDOWS\System32\cfgmgr32.dll
0x00007ffeac370000 - 0x00007ffeac381000 	C:\WINDOWS\System32\kernel.appcore.dll
0x00007ffea0470000 - 0x00007ffea047a000 	C:\Program Files\Android\Android Studio\jbr\bin\jimage.dll
0x00007ffe9d500000 - 0x00007ffe9d6ed000 	C:\WINDOWS\SYSTEM32\DBGHELP.DLL
0x00007ffe9cb00000 - 0x00007ffe9cb2a000 	C:\WINDOWS\SYSTEM32\dbgcore.DLL
0x00007ffe9bb00000 - 0x00007ffe9bb25000 	C:\Program Files\Android\Android Studio\jbr\bin\java.dll
0x00007ffe9bae0000 - 0x00007ffe9baf8000 	C:\Program Files\Android\Android Studio\jbr\bin\zip.dll
0x00007ffeae960000 - 0x00007ffeafe59000 	C:\WINDOWS\System32\SHELL32.dll
0x00007ffead720000 - 0x00007ffead7c8000 	C:\WINDOWS\System32\shcore.dll
0x00007ffeacac0000 - 0x00007ffead213000 	C:\WINDOWS\System32\windows.storage.dll
0x00007ffeac390000 - 0x00007ffeac3b4000 	C:\WINDOWS\System32\profapi.dll
0x00007ffeac3e0000 - 0x00007ffeac43d000 	C:\WINDOWS\System32\powrprof.dll
0x00007ffeb0270000 - 0x00007ffeb02c2000 	C:\WINDOWS\System32\shlwapi.dll
0x00007ffeacaa0000 - 0x00007ffeacab7000 	C:\WINDOWS\System32\cryptsp.dll
0x00007ffe9a550000 - 0x00007ffe9a569000 	C:\Program Files\Android\Android Studio\jbr\bin\net.dll
0x00007ffea5360000 - 0x00007ffea5454000 	C:\WINDOWS\SYSTEM32\WINHTTP.dll
0x00007ffeabbe0000 - 0x00007ffeabc47000 	C:\WINDOWS\system32\mswsock.dll
0x00007ffe992f0000 - 0x00007ffe99306000 	C:\Program Files\Android\Android Studio\jbr\bin\nio.dll
0x00007ffe9bc40000 - 0x00007ffe9bc50000 	C:\Program Files\Android\Android Studio\jbr\bin\verify.dll
0x00007ffea1090000 - 0x00007ffea10b7000 	C:\Users\Daniel\.gradle\native\68d5fa5c4cc2d200863cafc0d521ce42e7d3e7ee720ec0a83991735586a16f82\windows-amd64\native-platform.dll
0x00007ffe767e0000 - 0x00007ffe76924000 	C:\Users\Daniel\.gradle\native\e376f236ea51e6404a007f0833ffe2c6e607c4080706a723a18a27aeea778392\windows-amd64\native-platform-file-events.dll
0x00007ffea0460000 - 0x00007ffea0469000 	C:\Program Files\Android\Android Studio\jbr\bin\management.dll
0x00007ffe9bcb0000 - 0x00007ffe9bcbb000 	C:\Program Files\Android\Android Studio\jbr\bin\management_ext.dll
0x00007ffeb0350000 - 0x00007ffeb0358000 	C:\WINDOWS\System32\PSAPI.DLL
0x00007ffeab700000 - 0x00007ffeab733000 	C:\WINDOWS\system32\rsaenh.dll
0x00007ffead350000 - 0x00007ffead376000 	C:\WINDOWS\System32\bcrypt.dll
0x00007ffeac2a0000 - 0x00007ffeac2c9000 	C:\WINDOWS\SYSTEM32\USERENV.dll
0x00007ffeabdb0000 - 0x00007ffeabdbc000 	C:\WINDOWS\SYSTEM32\CRYPTBASE.dll
0x00007ffeab8a0000 - 0x00007ffeab8dd000 	C:\WINDOWS\SYSTEM32\IPHLPAPI.DLL
0x00007ffeae8d0000 - 0x00007ffeae8d8000 	C:\WINDOWS\System32\NSI.dll
0x00007ffea7d40000 - 0x00007ffea7d56000 	C:\WINDOWS\SYSTEM32\dhcpcsvc6.DLL
0x00007ffea8480000 - 0x00007ffea849c000 	C:\WINDOWS\SYSTEM32\dhcpcsvc.DLL
0x00007ffeab8f0000 - 0x00007ffeab9b6000 	C:\WINDOWS\SYSTEM32\DNSAPI.dll
0x00007ffe9bba0000 - 0x00007ffe9bba7000 	C:\WINDOWS\system32\wshunix.dll
0x00007ffe83820000 - 0x00007ffe83836000 	C:\WINDOWS\system32\napinsp.dll
0x00007ffe83800000 - 0x00007ffe8381a000 	C:\WINDOWS\system32\pnrpnsp.dll
0x00007ffe837f0000 - 0x00007ffe837fe000 	C:\WINDOWS\System32\winrnr.dll
0x00007ffea9c40000 - 0x00007ffea9c5b000 	C:\WINDOWS\system32\NLAapi.dll
0x00007ffe837d0000 - 0x00007ffe837e5000 	C:\WINDOWS\system32\wshbth.dll
0x00007ffea5610000 - 0x00007ffea561a000 	C:\Windows\System32\rasadhlp.dll
0x00007ffea8540000 - 0x00007ffea85b9000 	C:\WINDOWS\System32\fwpuclnt.dll

dbghelp: loaded successfully - version: 4.0.5 - missing functions: none
symbol engine: initialized successfully - sym options: 0x614 - pdb path: .;C:\Program Files\Android\Android Studio\jbr\bin;C:\WINDOWS\SYSTEM32;C:\ProgramData\Symantec\Symantec Endpoint Protection\14.3.8296.5000.105\Data\Sysfer\x64;C:\WINDOWS\WinSxS\amd64_microsoft.windows.common-controls_6595b64144ccf1df_6.0.17763.1577_none_de7444545348a3d0;C:\Program Files\Android\Android Studio\jbr\bin\server;C:\Users\Daniel\.gradle\native\68d5fa5c4cc2d200863cafc0d521ce42e7d3e7ee720ec0a83991735586a16f82\windows-amd64;C:\Users\Daniel\.gradle\native\e376f236ea51e6404a007f0833ffe2c6e607c4080706a723a18a27aeea778392\windows-amd64

VM Arguments:
jvm_args: --add-opens=java.base/java.util=ALL-UNNAMED --add-opens=java.base/java.lang=ALL-UNNAMED --add-opens=java.base/java.lang.invoke=ALL-UNNAMED --add-opens=java.prefs/java.util.prefs=ALL-UNNAMED --add-opens=java.base/java.nio.charset=ALL-UNNAMED --add-opens=java.base/java.net=ALL-UNNAMED --add-opens=java.base/java.util.concurrent.atomic=ALL-UNNAMED -Xmx2048m -Dfile.encoding=UTF-8 -Duser.country=ES -Duser.language=es -Duser.variant 
java_command: org.gradle.launcher.daemon.bootstrap.GradleDaemon 8.0
java_class_path (initial): C:\Users\Daniel\.gradle\wrapper\dists\gradle-8.0-bin\ca5e32bp14vu59qr306oxotwh\gradle-8.0\lib\gradle-launcher-8.0.jar
Launcher Type: SUN_STANDARD

[Global flags]
     intx CICompilerCount                          = 4                                         {product} {ergonomic}
     uint ConcGCThreads                            = 2                                         {product} {ergonomic}
     uint G1ConcRefinementThreads                  = 8                                         {product} {ergonomic}
   size_t G1HeapRegionSize                         = 1048576                                   {product} {ergonomic}
    uintx GCDrainStackTargetSize                   = 64                                        {product} {ergonomic}
   size_t InitialHeapSize                          = 268435456                                 {product} {ergonomic}
   size_t MarkStackSize                            = 4194304                                   {product} {ergonomic}
   size_t MaxHeapSize                              = 2147483648                                {product} {command line}
   size_t MaxNewSize                               = 1287651328                                {product} {ergonomic}
   size_t MinHeapDeltaBytes                        = 1048576                                   {product} {ergonomic}
   size_t MinHeapSize                              = 8388608                                   {product} {ergonomic}
    uintx NonNMethodCodeHeapSize                   = 5839372                                {pd product} {ergonomic}
    uintx NonProfiledCodeHeapSize                  = 122909434                              {pd product} {ergonomic}
    uintx ProfiledCodeHeapSize                     = 122909434                              {pd product} {ergonomic}
    uintx ReservedCodeCacheSize                    = 251658240                              {pd product} {ergonomic}
     bool SegmentedCodeCache                       = true                                      {product} {ergonomic}
   size_t SoftMaxHeapSize                          = 2147483648                             {manageable} {ergonomic}
     bool UseCompressedClassPointers               = true                           {product lp64_product} {ergonomic}
     bool UseCompressedOops                        = true                           {product lp64_product} {ergonomic}
     bool UseG1GC                                  = true                                      {product} {ergonomic}
     bool UseLargePagesIndividualAllocation        = false                                  {pd product} {ergonomic}

Logging:
Log output configuration:
 #0: stdout all=warning uptime,level,tags
 #1: stderr all=off uptime,level,tags

Environment Variables:
CLASSPATH=.;C:\Program Files (x86)\QuickTime\QTSystem\QTJava.zip
PATH=C:\Program Files (x86)\VMware\VMware Player\bin\;C:\Program Files (x86)\Common Files\Oracle\Java\javapath;C:\ProgramData\Oracle\Java\javapath;C:\WINDOWS\system32;C:\WINDOWS;C:\WINDOWS\System32\Wbem;C:\WINDOWS\System32\WindowsPowerShell\v1.0\;C:\Program Files\PuTTY\;C:\Program Files (x86)\QuickTime\QTSystem\;C:\Program Files (x86)\Common Files\Acronis\SnapAPI\;C:\WINDOWS\System32\OpenSSH\;C:\Program Files\Git\cmd;C:\Users\Daniel\AppData\Local\Microsoft\WindowsApps;C:\Users\Daniel\AppData\Local\GitHubDesktop\bin
USERNAME=Daniel
OS=Windows_NT
PROCESSOR_IDENTIFIER=Intel64 Family 6 Model 158 Stepping 9, GenuineIntel
TMP=C:\Users\Daniel\AppData\Local\Temp
TEMP=C:\Users\Daniel\AppData\Local\Temp



---------------  S Y S T E M  ---------------

OS:
 Windows 10 , 64 bit Build 17763 (10.0.17763.475)
OS uptime: 15 days 1:09 hours

CPU: total 8 (initial active 8) (4 cores per cpu, 2 threads per core) family 6 model 158 stepping 9 microcode 0x84, cx8, cmov, fxsr, ht, mmx, 3dnowpref, sse, sse2, sse3, ssse3, sse4.1, sse4.2, popcnt, lzcnt, tsc, tscinvbit, avx, avx2, aes, erms, clmul, bmi1, bmi2, rtm, adx, fma, vzeroupper, clflush, clflushopt

Memory: 4k page, system-wide physical 16296M (1142M free)
TotalPageFile size 16296M (AvailPageFile size 234M)
current process WorkingSet (physical memory assigned to process): 517M, peak: 539M
current process commit charge ("private bytes"): 585M, peak: 1010M

vm_info: OpenJDK 64-Bit Server VM (17.0.6+0-b2043.56-9586694) for windows-amd64 JRE (17.0.6+0-b2043.56-9586694), built on Feb  9 2023 20:06:20 by "androidbuild" with MS VC++ 16.10 / 16.11 (VS2019)

END.
